NR:0:275095
NI:0:651
KR:0:324
SR:0:73
NG:0:63
-----
NCSDR:3:30
-----
N_CF_FSL:6:110
N_YF_FSL:6:1
K_CF_FSL:6:1
NKLFDLDR:6:1
NGRFWNVE:6:1
-----
NRKVFIDSR:7:1711
NVTAWFGFR:7:1568
NGRL_PQFR:7:1568
NCKLFDLDR:7:1514
NATTRLPYR:7:1448
NVSY_SGAR:7:1366
NSCHRCK_R:7:1351
NWKHHYFFR:7:1298
NVYGPWIER:7:1218
NDTATIDSR:7:1188
NDLIIWIAR:7:1163
NMAVVCAVR:7:1149
NEECTLTIR:7:1144
NRPRVTT_R:7:1134
NKLMDSNNR:7:1132
NSYILISYR:7:1103
NYWYHKKLR:7:1091
NATIYNSYR:7:1047
NRFWTWSNR:7:1041
NSCNYTTVR:7:1024
NVVLR_TIR:7:1006
NHCFFYGSR:7:1003
NFARWILCR:7:998
NK__LTIHR:7:970
NVAHCREVR:7:954
NSFHHWMGR:7:938
NV_ADGDGR:7:918
NWTGVSPER:7:918
N_STQGRGR:7:914
NW_RRWVYR:7:907
NMATSRTIR:7:903
NTRVGGSER:7:894
NVSICDLVR:7:892
NGNTLM_CR:7:885
NPRDFTWVR:7:880
NCLFSHDCR:7:855
NFGFCGWRR:7:853
NMVVWVTDR:7:852
NFDYVLHKR:7:852
NCSL_PNSR:7:835
NVSMQGELR:7:835
NWIIFQRVR:7:833
NNSFITSIR:7:815
NNFSCLHYR:7:807
NNSYRFVRR:7:806
NSIFTKKYR:7:801
NIMRYLTYR:7:792
NCYRFQEVR:7:788
N_FSCPGGR:7:787
NGTATYNCR:7:785
NLDNLHSVR:7:782
NFKSQLNCR:7:782
NDNYVLTSR:7:769
NVRFRSAGR:7:758
NNWLGFP_R:7:752
NPFSDGWCR:7:750
NLYTNELDR:7:742
NGSSACTSR:7:736
NYTCA__SR:7:722
NCVSEPKGR:7:713
NRCFGCLCR:7:712
NILHKRGQR:7:709
NFWMYDPRR:7:709
NKCGG_PHR:7:708
NPMRSYTLR:7:704
NCIVFQILR:7:703
NEAYLYQER:7:692
N_GLSVRGR:7:691
N_THYSRCR:7:691
NYFPGRCTR:7:688
NWVLRTSRR:7:687
NVIMKIAGR:7:683
N_IQSLVHR:7:682
NV_NGAYSR:7:673
NCVYFLSPR:7:669
NYDKRSHQR:7:662
NLSSLFWLR:7:659
NTHRSYLMR:7:653
NELCLWETR:7:635
NKLFFCYMR:7:628
NTLYAGLSR:7:627
NRLSLGPCR:7:626
NRT_FRGKR:7:624
NLILYISPR:7:621
NCLEMCILR:7:605
NAGSRSEVR:7:605
NRSFLRE_R:7:604
NHFTSLFAR:7:598
NMWLYWRRR:7:598
NVIDIDNGR:7:595
NKCMLRQRR:7:594
NSLPCSL_R:7:589
NCNCLWDCR:7:586
NSLKIQGSR:7:585
NYRILGVRR:7:583
NVSLVGHAR:7:581
NTSTTPSKR:7:580
NVYVVIVDR:7:575
NIAGSETMR:7:574
NCYCDLLTR:7:568
NVRTIFLVR:7:567
NGYEFGSTR:7:565
NFYDKSDGR:7:564
NLEIRINDR:7:562
NKDILKA_R:7:562
NNACFVLGR:7:561
NMHSCIP_R:7:554
NSPPGLVDR:7:547
NYWEVHWLR:7:543
NKTVVDNTR:7:541
N_LYSSNHR:7:540
NATYYNHVR:7:540
NGPKGLPDR:7:538
NLINLKRER:7:537
NSSGHLKFR:7:529
NIGRWTVGR:7:526
NSNCIVSLR:7:525
NPSMQY_VR:7:518
NKLYIEGIR:7:517
NNNG_IRYR:7:514
NISCCWDIR:7:512
NMGCELRRR:7:511
NWYKFRPLR:7:510
NSSYPYMSR:7:504
NYVVRSILR:7:491
NVFPLPWVR:7:491
NLVGPGYVR:7:490
NYRGKHGNR:7:484
NPLRSLCFR:7:477
NVMYGWDSR:7:469
NESFTLYQR:7:466
NTRVRNVYR:7:465
NFPSNHKIR:7:462
NRRLWC_LR:7:458
NGTVYRESR:7:452
NFRTFE_MR:7:451
N_LIFRPSR:7:448
NTTCKTLAR:7:445
NLDRDVDRR:7:439
NRKRGVGLR:7:438
N_SIRYVKR:7:434
NPFCMSRFR:7:433
NRAKDAWVR:7:422
NFWKGLAYR:7:420
NFFIVDSCR:7:420
NRVSYWFLR:7:420
NCVRWGCIR:7:413
NSGLSTFYR:7:412
NLLDDHVWR:7:410
NGVKVRAVR:7:408
NNMCTIHSR:7:408
NNVKR_GWR:7:405
NSYIQVSWR:7:405
NCFNMLINR:7:404
NV_AWRYFR:7:404
NKCYC_WGR:7:403
NG_LEFKSR:7:400
NSYGHRLLR:7:400
NFQVLFGTR:7:400
NMFVI_NRR:7:399
NEAVLTCVR:7:399
NLCFK_GLR:7:398
NGSSCMM_R:7:396
NSFVAFGYR:7:396
NYLYYLSSR:7:395
NDRMAWYNR:7:394
NNIYVLKSR:7:393
NFMTYPLYR:7:391
NSS_V_LKR:7:390
NTFGFSGGR:7:390
NSAMWVIPR:7:389
NSDTYLGRR:7:388
NCSLLTRHR:7:385
NK_RLKRLR:7:379
NDLWCKRLR:7:378
NNLFN_WAR:7:377
NLYNLWQFR:7:376
NT_DFGWAR:7:373
NNLKFTVRR:7:372
NTCQFRGVR:7:371
NNSFFMLFR:7:370
NSITT_PHR:7:369
NTDLSLASR:7:366
NLITTLRMR:7:365
NLSRGFLWR:7:364
NYCLAI__R:7:364
NSHCFSC_R:7:363
NWMSRMAIR:7:362
NARVGNMGR:7:361
NMALRND_R:7:361
NLDDNVLDR:7:361
NALFCYILR:7:357
NSRP_NKVR:7:355
NRRSRYHRR:7:354
NRDWFYNAR:7:350
NDRFYP_WR:7:347
NFTFWHRLR:7:345
N_KVNRAKR:7:342
NYALYFRSR:7:337
NQLGSVT_R:7:334
NNFLNGVNR:7:334
NSC_VYSRR:7:333
NIAFDGTTR:7:332
NMLIVILVR:7:330
NMPNSSTCR:7:326
NVFMAETIR:7:326
NGRFWNVER:7:325
NSLCARRKR:7:325
NSVVVGLCR:7:322
NGAFKHLMR:7:320
NCITLHCAR:7:319
NYGGFFGIR:7:314
NDRCYRGAR:7:314
NVYDCMNSR:7:314
NQECRL_CR:7:312
NLVFIW_VR:7:312
NLSLGFQFR:7:311
NENYHMVSR:7:310
NW_CSSDCR:7:305
NILVCLVLR:7:301
NCLLQVPYR:7:301
NSNLLLGIR:7:301
NIPCFQVSR:7:300
NISLLFIHR:7:298
NDIMWITCR:7:297
NIVLVLRFR:7:297
NYFGKISIR:7:296
NNVNQW_RR:7:296
NACVSSRTR:7:290
NIIQRYLLR:7:290
NILNAAGAR:7:285
NCRI_THCR:7:284
NSRQYLKRR:7:284
NMKGDL_VR:7:283
NVSTLYLLR:7:282
N_TLIVVWR:7:281
NRVKWRFGR:7:281
NYRDLIYKR:7:280
NDCAVYGGR:7:280
NSCQLLLLR:7:280
NLV_TWYSR:7:279
NLFSVNMVR:7:278
NDFSVESDR:7:277
NEVVCGRLR:7:277
NCYNAVGFR:7:276
NVSKMQYAR:7:271
NFYFNMIIR:7:271
NTLLIGLLR:7:271
NYELGSIGR:7:270
NIVNLYGNR:7:267
NYVCMDHLR:7:262
NSFCQCLFR:7:262
NMLTSLLRR:7:261
NRTSTDHVR:7:261
NSKSRVSCR:7:260
NWKGV_VSR:7:257
NMN_LNDRR:7:256
NSSWYAPSR:7:256
NLVALCDCR:7:254
NYRLFLRLR:7:254
NDNQICRRR:7:251
NSITGALPR:7:251
NVFSVMMHR:7:248
NTMYRQQCR:7:246
NYDSMYTDR:7:245
NSIIVMRVR:7:245
NFMYVSKIR:7:240
NFTQRTIWR:7:240
NKIRVRINR:7:237
NNNVLLLRR:7:236
N_WWMFIFR:7:234
NVASNALSR:7:231
N_WDIFDKR:7:230
NFIFPVNFR:7:226
NWHLLCLDR:7:226
NQICCYIFR:7:225
NGEGRSRMR:7:222
NTMVIRGIR:7:220
NLKWY_NSR:7:220
NVLYTFICR:7:219
NESSCTSTR:7:217
NIVDCLCRR:7:214
NALVCMLFR:7:213
NSFLMWKCR:7:207
NSMLLCYLR:7:207
NSVSMFWCR:7:205
NNSV_CSAR:7:204
NMFCQSLTR:7:201
NTFVCGQAR:7:201
NFLY_WINR:7:200
NKRQVLMTR:7:199
NKIYTVFDR:7:199
NCYAWRL_R:7:199
ND_GYFWSR:7:199
NLVNICAGR:7:197
NWFSTQCSR:7:195
NFDSVKTLR:7:194
NYTARGLKR:7:194
NGYCMYCDR:7:191
NCDAFYVER:7:190
NNHVYPYCR:7:189
NMNCWEVGR:7:187
NFIECLLLR:7:187
NQVGDLRER:7:187
NTFWSRFTR:7:186
NGWSYWIQR:7:186
NFSVSHI_R:7:186
NVFYLVYWR:7:184
NHMVTASGR:7:183
NELYFMFVR:7:183
NASSYPSLR:7:183
NWGMGHANR:7:182
NCCLEWIIR:7:180
NIGFTGEHR:7:178
NFKGLVSVR:7:178
NQNFGS_DR:7:176
NDLSLTCSR:7:174
NLTGGFRLR:7:174
NTK_YND_R:7:174
NEA_EIHVR:7:172
NHCISLRLR:7:172
NLYGYRLER:7:172
NLSCCSDRR:7:170
NRSVGGICR:7:170
NNCIFLCKR:7:169
NVRPRGG_R:7:169
NPFSSYLER:7:167
NK_SVGFQR:7:165
NINCLHVDR:7:164
NLNLVGVFR:7:163
NTVIVLIKR:7:161
NVYTFV_AR:7:158
NCLIWFVIR:7:158
NLIGPGYSR:7:154
NVT_GMMVR:7:154
NMGS_CICR:7:153
NLYNTSWWR:7:151
NFGISVYRR:7:150
NVSKFDDVR:7:149
NFLREECGR:7:148
NSIILHPER:7:146
NVFMELYAR:7:141
NLYEHNMDR:7:138
NSFLLGGAR:7:130
NLLSYF_YR:7:128
NSLIRAHWR:7:124
NDLQSNVNR:7:123
NVLWSWFMR:7:121
NIN_WWT_R:7:118
NICLSYKFR:7:118
NHINFRGTR:7:117
NIWRYLL_R:7:117
NFIVWYMKR:7:117
NSSKYTLPR:7:110
NETLGNHIR:7:108
NATCTVSFR:7:107
NKLCLVYVR:7:106
NPSDCSILR:7:106
NGYREGFSR:7:104
NNMTNTWPR:7:103
NKVTRTVSR:7:103
NVVVSFMWR:7:102
NRFTVRSMR:7:102
NIFHIGAYR:7:101
NIAEAN_TR:7:99
NHTVGLMGR:7:98
NRSETWFGR:7:97
NVRSQDVFR:7:97
NVSDLVVKR:7:97
NSTFLHDQR:7:97
NLASCSGER:7:96
NSNERATNR:7:96
NGMLCKTSR:7:96
NLTFAEATR:7:95
NNRVCVYPR:7:94
NMGCRGPLR:7:93
NLVRTRTIR:7:93
NPNSYLNSR:7:92
N_FVCVKVR:7:91
NMLFSILFR:7:90
NPFLVELSR:7:90
NIL_AQSMR:7:90
NGVMRPQYR:7:90
NS_LC_HWR:7:89
NHIMDLSSR:7:89
N_RAVHILR:7:88
NVSYM_ERR:7:88
NSLPFPAIR:7:88
NNPSWAWLR:7:88
NFH_YLTER:7:88
NWVFLVDSR:7:86
NVIVERELR:7:86
NLNCLVNHR:7:86
NLICMLYQR:7:86
NCCMWWLCR:7:85
NGLHYYHSR:7:85
NTDSKWSLR:7:84
NYFCI_AVR:7:84
NIKGLIELR:7:84
NMCYQGPKR:7:84
NGYLDLSDR:7:83
NLVLYYGIR:7:82
NSSEVNCSR:7:81
NYRVFVVVR:7:80
NLERGDTVR:7:80
NGFDFRVDR:7:80
NSNCYRSKR:7:80
NCWNLLGCR:7:79
NFYCLDFHR:7:79
NHEKGLYMR:7:79
NLP_AGAFR:7:79
NSSGGGVCR:7:79
NSLFVKFQR:7:79
NGKQRIL_R:7:78
NDRVMISVR:7:78
NTSMTLNRR:7:76
NYSMCRAYR:7:76
NTIWKTLIR:7:76
NLVNCTWNR:7:73
NFYYKATWR:7:73
NSFQCLAAR:7:72
NDIKSTFFR:7:71
NLVIRPSNR:7:71
NQLVLLKLR:7:67
NRNKFVLFR:7:67
NEQMNFLRR:7:67
NLRCRWFRR:7:65
NNVCSGLVR:7:61
-----
NPVERVNLLR:8:239
NPVERVDLLR:8:1
NPVERVNLPR:8:1
NPVERFNLLR:8:1
KPVERVNLLR:8:1
-----
