NK:36,Unsure
YL:1,Not Found (Aligner)
NC:2,Not Found (Aligner)
N_:8,Unsure
NY:1,Not Found (Aligner)
NN:1,Not Found (Aligner)
IS:1,Not Found (Aligner)
NT:38,Unsure
IR:7,Unsure
NFDSVMTPR:1,Not Found (Aligner)
NSYIQVGRR:1,Not Found (Aligner)
NFAFWHR_R:1,Not Found (Aligner)
NSVTT_PDR:1,Not Found (Aligner)
NNIERYLMR:1,Not Found (Aligner)
KSLCQRLFR:1,Not Found (Aligner)
NCIALHCAR:1,Lower than threshold
NFIFPAKFR:1,Not Found (Aligner)
NVFMEFYAS:1,Not Found (Aligner)
NICLSNKFG:1,Not Found (Aligner)
NFMTIPLNR:1,Not Found (Aligner)
NISCCREIR:1,Not Found (Aligner)
NCFL_PDSR:1,Not Found (Aligner)
NYD_RSHQK:1,Not Found (Aligner)
NIVGRILSR:1,Not Found (Aligner)
N_IQSFVDE:1,Not Found (Aligner)
NTF_SRFTK:1,Not Found (Aligner)
SWFGRPGGR:1,Not Found (Aligner)
N_FVCVKMR:1,Not Found (Aligner)
NVTAWFGIG:1,Not Found (Aligner)
NFIQRTTWR:1,Not Found (Aligner)
NSITM_AYR:1,Not Found (Aligner)
NKIYVLRSR:1,Not Found (Aligner)
NPSVDHLSR:1,Not Found (Aligner)
NVGSRGPHR:1,Not Found (Aligner)
NTVFRYECR:1,Not Found (Aligner)
NFH_YLKER:1,Not Found (Aligner)
KSKSQLNCR:1,Not Found (Aligner)
NDRL_SLFR:1,Not Found (Aligner)
NYTARGSKR:1,Not Found (Aligner)
NTTCRT_AR:1,Not Found (Aligner)
NIAFNGTIR:1,Not Found (Aligner)
NFIQRTVWR:1,Not Found (Aligner)
NVTY_SGAG:1,Not Found (Aligner)
NNGFITSVR:1,Not Found (Aligner)
NNVYVLKSR:1,Not Found (Aligner)
NSVVVGLYK:1,Not Found (Aligner)
NGLYLSGAR:1,Not Found (Aligner)
NRCFGSPSR:1,Not Found (Aligner)
NEFYLVY_R:1,Not Found (Aligner)
NDRVNAWWR:1,Not Found (Aligner)
NFYDRSDGR:1,Not Found (Aligner)
NKCYCW_GR:1,Not Found (Aligner)
NIIIPVKFR:1,Not Found (Aligner)
NGKLRIL_R:1,Not Found (Aligner)
N_AHYSRCR:1,Lower than threshold
YGRL_PQIR:1,Not Found (Aligner)
NQVCCYVFR:1,Not Found (Aligner)
NVGLGKAIG:1,Not Found (Aligner)
NAIVERGSR:1,Not Found (Aligner)
NELGLWEAR:1,Not Found (Aligner)
NYVCIVLLR:1,Not Found (Aligner)
NGQTGFPST:1,Not Found (Aligner)
NSNYFRDCR:1,Not Found (Aligner)
N_SIRYT_R:1,Not Found (Aligner)
NLDLY_GIR:1,Not Found (Aligner)
SYRLFHRLR:1,Not Found (Aligner)
NLYLVGVFR:1,Not Found (Aligner)
NDYGPWTET:1,Not Found (Aligner)
NS_NNTTVR:1,Not Found (Aligner)
NLALGND_R:1,Not Found (Aligner)
NCHGGLAAR:1,Not Found (Aligner)
NSITT_PHS:1,Not Found (Aligner)
NKVVI_NRR:1,Not Found (Aligner)
NALASYALR:1,Not Found (Aligner)
NFFSFFCLR:1,Not Found (Aligner)
NVYVVIDDR:1,Not Found (Aligner)
NKFLNGVDR:1,Not Found (Aligner)
SCD_WSHQR:1,Not Found (Lossless)
NREWIYDGS:1,Not Found (Aligner)
NFMYVSRIR:1,Not Found (Aligner)
NWNIFQRVR:1,Not Found (Aligner)
YNFLNGVYR:1,Not Found (Aligner)
NSITGAHPR:1,Not Found (Aligner)
NCYWFQEVR:1,Not Found (Aligner)
NGRLVGEGR:1,Not Found (Aligner)
NPLRSL_IR:1,Not Found (Aligner)
SMHSGIP_R:1,Not Found (Aligner)
NMNSCIGKR:1,Not Found (Aligner)
NLGSLHSVR:1,Not Found (Aligner)
NCQVSHDSG:1,Not Found (Aligner)
NKLMDGENR:1,Not Found (Aligner)
NTDLGLASR:1,Not Found (Aligner)
NCLLQVPNR:1,Lower than threshold
NTFGVSGGR:1,Not Found (Aligner)
NILIVILVR:1,Not Found (Aligner)
NCIVIQILR:2,Lower than threshold
NCNLLSGDR:1,Not Found (Aligner)
NWKYHYFFR:1,Lower than threshold
NCIVIQVLR:1,Not Found (Aligner)
NVIDIKNRR:1,Not Found (Aligner)
NSLLLCYLS:1,Not Found (Aligner)
NREALTGSG:1,Not Found (Aligner)
NTMKRGTVR:1,Not Found (Aligner)
NNNGWIRYR:1,Not Found (Aligner)
NYQVLIGTR:1,Not Found (Aligner)
NCLFSLDCR:1,Not Found (Aligner)
NSCHR_N_R:1,Not Found (Aligner)
NGRTYFLVR:1,Not Found (Aligner)
NRHWAWPDR:1,Not Found (Aligner)
NSITM_PYR:1,Not Found (Aligner)
YTCNHTAVR:1,Not Found (Lossless)
NRLAQGAGG:1,Not Found (Aligner)
NWYKFRPLM:1,Lower than threshold
NIPCFQESR:1,Not Found (Aligner)
NRVGDWALR:1,Not Found (Aligner)
NRCGG_PHS:1,Not Found (Aligner)
NTLIQ_AYR:25,Not Found (Aligner)
NF_SRTNCR:1,Not Found (Aligner)
N_HYSRNHR:1,Not Found (Aligner)
NVTRTVR_R:1,Not Found (Aligner)
NRS_LRAKR:1,Not Found (Aligner)
NFPRSILSR:1,Not Found (Aligner)
NSLVGLVLR:1,Not Found (Aligner)
NKLFF_YMR:1,Lower than threshold
NRQ_PTAHR:1,Not Found (Aligner)
NS_DRSE_R:1,Not Found (Aligner)
NCLFPPDCR:1,Not Found (Aligner)
SVF_LVNWR:1,Not Found (Lossless)
SRHCLGPCR:1,Not Found (Aligner)
NWYRIRPLR:1,Not Found (Aligner)
NNVVYCYFR:1,Not Found (Aligner)
IPFCDGWCR:1,Not Found (Aligner)
NWRHHYIFR:1,Not Found (Aligner)
NSNLERANR:1,Not Found (Aligner)
NLVGPGYAR:1,Lower than threshold
N_YRIQEVR:1,Not Found (Aligner)
NSYYYSC_R:1,Not Found (Aligner)
NC_LFDLDS:1,Not Found (Aligner)
NYGSMKTDR:1,Not Found (Aligner)
FLCFLCGFR:1,Not Found (Aligner)
NYFSGRCSR:2,Not Found (Aligner)
NFYTFE_VR:1,Not Found (Aligner)
NDLIIWIAS:1,Not Found (Aligner)
N_LIFRPTR:1,Not Found (Aligner)
NGAVYRESR:1,Not Found (Aligner)
NRMRSYTLR:1,Not Found (Aligner)
NCCNFTTVR:1,Not Found (Aligner)
NVTPNQTYR:38,Not Found (Aligner)
NIAFDGATR:1,Not Found (Aligner)
NWNHRWGHR:1,Not Found (Aligner)
NCFLLPNSR:1,Not Found (Aligner)
NL_IK_GLR:1,Not Found (Aligner)
NVTAWFGYR:1,Not Found (Aligner)
NNGAVVVVG:1,Not Found (Aligner)
NQVGDLHDR:1,Not Found (Aligner)
NESKMQYAG:1,Not Found (Aligner)
IRCLWCKLR:1,Not Found (Lossless)
NQRALIGAR:1,Not Found (Lossless)
NKIRVRVSR:1,Not Found (Aligner)
NFTFWHKMR:1,Not Found (Aligner)
NSLIGAHWR:1,Not Found (Aligner)
NRT_IWGKR:1,Not Found (Aligner)
NICSFLKVR:1,Not Found (Aligner)
KA_VSLRTK:1,Not Found (Lossless)
NEVACGRLR:1,Not Found (Aligner)
NAICMSRVR:1,Not Found (Aligner)
SFLYWWINR:1,Not Found (Aligner)
NKCMLRQCR:1,Not Found (Aligner)
NVFA_FGFR:1,Not Found (Aligner)
NVRSQDVLR:1,Not Found (Aligner)
ND_GNIWSR:1,Not Found (Aligner)
NTAGSETMR:1,Lower than threshold
N___LTFHR:1,Not Found (Aligner)
NTLLLSTHR:1,Not Found (Aligner)
NTKVERSER:1,Not Found (Aligner)
NNTCAK_SR:1,Not Found (Aligner)
SV_ADGDGR:1,Not Found (Aligner)
NSCNYSTVR:1,Not Found (Aligner)
NEAYLYQGR:1,Lower than threshold
NSLFFCYMR:1,Not Found (Aligner)
NCYKIPLLR:1,Not Found (Aligner)
NMHSCVPKR:1,Not Found (Aligner)
NATTRLRDR:1,Not Found (Aligner)
NSMLLHYLR:1,Not Found (Aligner)
NWGMGQANR:1,Not Found (Aligner)
NPFMQYLVR:1,Not Found (Aligner)
SFVYPDSFR:1,Not Found (Aligner)
NLV_TRCSR:1,Not Found (Aligner)
NSIFTRRYR:1,Not Found (Aligner)
NFKSQSNCR:1,Not Found (Aligner)
NSFVCGQVG:1,Not Found (Aligner)
N_IQLLVHR:1,Not Found (Aligner)
NKCVVNGTR:1,Not Found (Aligner)
N_FTQEHGR:1,Not Found (Aligner)
NNFSCFQCR:1,Not Found (Aligner)
NIRFRFAGR:1,Not Found (Aligner)
NWLS_GGGR:1,Not Found (Aligner)
NLDRDMD_R:1,Not Found (Aligner)
NFCNIFIIR:1,Not Found (Aligner)
NTALMLRFR:1,Not Found (Aligner)
NKCVG_LHR:1,Not Found (Aligner)
NNVNQWWRR:1,Not Found (Aligner)
NMALRSD_R:1,Not Found (Aligner)
NY__H_KFR:1,Not Found (Aligner)
NWVIFQWVR:1,Not Found (Aligner)
NNLCVMVGR:1,Not Found (Aligner)
NTNSR_SLR:1,Not Found (Aligner)
NCEYFLSPR:1,Not Found (Aligner)
NFFRCPLGR:41,Not Found (Aligner)
NSYMINFER:40,Not Found (Aligner)
NSCRHTWVR:1,Not Found (Aligner)
NVYGAWTER:1,Not Found (Aligner)
NEDYLYQER:1,Not Found (Aligner)
N_LYYLSSR:1,Not Found (Aligner)
NKVILKTLR:1,Not Found (Aligner)
NRVRWRFGR:1,Not Found (Aligner)
NVLYSFICR:1,Not Found (Aligner)
NSFILVSYR:1,Not Found (Aligner)
NYHGKLGNR:1,Not Found (Aligner)
NN_IFLSKR:1,Not Found (Aligner)
NSFGHLKLR:1,Not Found (Aligner)
NDLIFWIAR:1,Not Found (Aligner)
NFVTYPLNR:1,Not Found (Aligner)
NLKVFIDFR:1,Not Found (Aligner)
NNMWATDFR:1,Not Found (Aligner)
NSITR_RHR:1,Not Found (Aligner)
NCRHFDLDR:1,Not Found (Aligner)
NIPNSFSSR:1,Not Found (Aligner)
NSLSCSLYR:2,Not Found (Aligner)
NTLLIV_FR:1,Not Found (Aligner)
NCFNFLIIR:1,Not Found (Aligner)
NYYVYCF_R:1,Not Found (Aligner)
NKLARFANR:1,Not Found (Aligner)
NSSWFAPTR:1,Not Found (Aligner)
NDCDGLLMR:39,Not Found (Aligner)
NPFCMSRIR:1,Not Found (Aligner)
NAMRSHTLR:1,Not Found (Aligner)
NATTYKSNR:1,Not Found (Aligner)
NCYCD_LTR:1,Lower than threshold
NMNLLCGRR:1,Not Found (Aligner)
NCFFDFLTR:1,Not Found (Aligner)
ND_AWRNIR:1,Not Found (Aligner)
NSLYVGLSR:1,Not Found (Aligner)
NSLWSLCFR:1,Not Found (Aligner)
NDSTQQEMR:1,Not Found (Aligner)
NRT_FQGKR:1,Not Found (Aligner)
NGTVYRKSR:1,Not Found (Aligner)
NV_SGANSR:1,Not Found (Aligner)
NWVFWISRR:1,Not Found (Aligner)
NSWVCVNPR:1,Not Found (Aligner)
NATYYNHIR:1,Not Found (Aligner)
NGMHGWESR:1,Not Found (Aligner)
NSAVWVNPR:1,Not Found (Aligner)
NSGLGCK_R:1,Not Found (Aligner)
NK__LAIQR:1,Not Found (Aligner)
NFWMYDRPR:2,Not Found (Aligner)
NINFLHVDR:1,Not Found (Aligner)
NSL_IHGPR:1,Not Found (Aligner)
NFNFFLIFR:1,Not Found (Aligner)
NRKVSIDSR:1,Lower than threshold
NNKVFIDSR:1,Not Found (Aligner)
NEFFTLFQR:1,Not Found (Aligner)
NHLRVST_R:1,Not Found (Aligner)
NVLPCGLFR:1,Not Found (Aligner)
NDSATIVGR:1,Not Found (Aligner)
NGTSAN_SR:1,Not Found (Aligner)
NFTFFTLIR:1,Not Found (Aligner)
NSFQWLAAR:1,Not Found (Aligner)
N_FL_PNSR:1,Not Found (Aligner)
NSLEI_GSR:1,Not Found (Aligner)
NANYDYDRR:14,Not Found (Aligner)
NFTQRTV_R:1,Not Found (Aligner)
N_WDTLGKR:1,Not Found (Aligner)
NREWISDAR:1,Not Found (Aligner)
NRSRVTT_R:1,Not Found (Aligner)
SHTVGLMGR:1,Not Found (Aligner)
N_TGMSLER:1,Not Found (Aligner)
N_SYSHDSR:1,Not Found (Aligner)
NSRL_PHFR:1,Not Found (Aligner)
NTRFGILYR:1,Not Found (Aligner)
NGTSTDHVR:1,Not Found (Aligner)
NTGLSLASR:1,Not Found (Aligner)
NI_LYDPRR:1,Not Found (Aligner)
NKFFFCYIR:1,Not Found (Aligner)
NCF_L_ILR:1,Not Found (Aligner)
NCFYMLIYR:1,Not Found (Aligner)
NSLSI_LMR:35,Not Found (Aligner)
NLVQRGPVR:4,Not Found (Aligner)
NSCHRRK_R:1,Not Found (Aligner)
N_WGIFEKR:1,Not Found (Aligner)
NELII_IAR:1,Not Found (Aligner)
NFICSI_LR:1,Not Found (Aligner)
KISMQGELR:1,Not Found (Aligner)
NRRDFIESR:1,Not Found (Aligner)
N___LTILR:1,Not Found (Aligner)
NRIKWRFGR:1,Not Found (Aligner)
NMGCEFRRR:1,Not Found (Aligner)
NENYHIVSK:1,Not Found (Aligner)
NSNCIMNLR:1,Not Found (Aligner)
NGLLYFLSR:1,Not Found (Aligner)
NFKFQWNRR:1,Not Found (Aligner)
NIRILNPDR:1,Not Found (Aligner)
NFAR_ILYR:1,Not Found (Aligner)
NCLRVTT_R:1,Not Found (Aligner)
NDRL_PQFR:1,Not Found (Aligner)
NSSCIVSLR:1,Not Found (Aligner)
NKLFFCCMR:1,Not Found (Aligner)
NLVLL_SIR:1,Not Found (Aligner)
NVRS_VVFR:1,Not Found (Aligner)
NMRLWC_FR:1,Not Found (Aligner)
NKMNVEGIR:1,Not Found (Aligner)
NLDDNVFVR:1,Not Found (Aligner)
NDTCAW_PR:1,Not Found (Aligner)
NGTATGSCR:1,Not Found (Aligner)
N_YCDLLGR:1,Not Found (Aligner)
NIKL_HHFR:1,Not Found (Aligner)
NW_RRWAYR:1,Not Found (Aligner)
NVTPNQTDR:1,Not Found (Aligner)
NSIIVLIKR:1,Not Found (Aligner)
NFSFYRW_R:1,Not Found (Aligner)
NRSYC_RGR:1,Not Found (Aligner)
NFFKCLLLR:1,Not Found (Aligner)
N_SIQRLDR:1,Not Found (Aligner)
NDLINWIAR:1,Not Found (Aligner)
NVVGVG_CR:1,Not Found (Aligner)
NVTPNQTYG:1,Not Found (Aligner)
NYFPDRCTR:2,Not Found (Aligner)
N_ITLD_GR:1,Not Found (Aligner)
NSNCIEG_R:1,Not Found (Aligner)
NMAASRTVR:1,Not Found (Aligner)
NSEDQGQGR:1,Not Found (Aligner)
NITRWILCR:1,Not Found (Aligner)
NYYFFYGSR:1,Not Found (Aligner)
NSCHRTKWR:1,Not Found (Aligner)
NYWVFIFNR:1,Not Found (Aligner)
NYRNIIYKR:1,Not Found (Aligner)
NSVRWVNPR:1,Not Found (Aligner)
NDLVIWNAR:1,Not Found (Aligner)
NSFSDEWCR:1,Not Found (Aligner)
NMGCKLRRR:1,Not Found (Aligner)
NCYWFYKVR:1,Not Found (Aligner)
NPKASIALR:1,Not Found (Aligner)
NMLTFLLRK:1,Not Found (Aligner)
N_FV_GLGR:1,Not Found (Aligner)
NITAWFDFR:1,Not Found (Aligner)
NVYGPWVVR:1,Not Found (Aligner)
NVTPNQTYI:1,Not Found (Aligner)
NVSH_SGAR:1,Not Found (Aligner)
NISYLNGAR:1,Not Found (Aligner)
NWMSRMSVR:1,Not Found (Aligner)
NVCLRDG_R:1,Not Found (Aligner)
NSSHRSRWR:1,Not Found (Aligner)
NEFSVETDR:1,Not Found (Aligner)
NSLKTQGSR:1,Not Found (Aligner)
NLFLYINLR:1,Not Found (Aligner)
NFEF_TIVR:1,Not Found (Aligner)
NYFPDRRTR:1,Not Found (Aligner)
NDTV_DDGR:1,Not Found (Aligner)
NYDILKA_R:1,Not Found (Aligner)
NVSY_SDAR:1,Lower than threshold
NWI_F_DMR:1,Not Found (Aligner)
NS_IFLCKR:1,Not Found (Aligner)
NILYYSTHR:1,Not Found (Aligner)
NSYVFGSIR:1,Not Found (Aligner)
NKSLFL_YR:1,Not Found (Aligner)
NNCFSFPFR:1,Not Found (Aligner)
NVPHTREVR:1,Not Found (Aligner)
NLYSIKLNR:1,Not Found (Aligner)
NWIIFLRVR:1,Not Found (Aligner)
NVLIDSDDR:1,Not Found (Aligner)
NFCHCCK_R:1,Not Found (Aligner)
NSF_SRFTR:1,Not Found (Aligner)
NEE_TLTIR:1,Not Found (Aligner)
NYGSNHKIR:1,Not Found (Aligner)
NNGGLFGVR:1,Not Found (Aligner)
ND_GCFWSI:1,Not Found (Aligner)
NCFIFLSVR:1,Not Found (Aligner)
NNWEDHWLR:1,Not Found (Aligner)
NILHMSVYR:1,Not Found (Aligner)
NAIMKIAGR:1,Not Found (Aligner)
NMVFSYTIR:1,Not Found (Aligner)
NAFPLPWVR:1,Not Found (Aligner)
NVRFYP_WS:1,Not Found (Aligner)
NRITT_PHR:1,Not Found (Aligner)
NSIVVMRVR:1,Not Found (Aligner)
NSCQLLFLR:1,Not Found (Aligner)
NSLFD_WAR:1,Not Found (Aligner)
NVRFIFLVR:1,Not Found (Aligner)
NWNRFRPLR:1,Not Found (Aligner)
NFANSILSR:1,Not Found (Aligner)
NLVNLRRER:1,Not Found (Aligner)
NS_VLISNR:1,Not Found (Aligner)
NTIGLGAGR:1,Not Found (Aligner)
NSTILMHVR:1,Not Found (Aligner)
NLINPDLFR:1,Not Found (Aligner)
NTSF_SLTR:1,Not Found (Aligner)
NFPSNHWIR:1,Not Found (Aligner)
NLIGPCYSR:1,Not Found (Aligner)
NFVSVKTPR:1,Not Found (Aligner)
NNDILKAYR:1,Not Found (Aligner)
NFRGLDSVR:1,Not Found (Aligner)
NFLPGLVDR:1,Not Found (Aligner)
NKLMVNSNR:1,Not Found (Aligner)
NDTSTMKNR:1,Not Found (Aligner)
NEPVLSRNR:9,Not Found (Aligner)
NYLYYLRSR:1,Not Found (Aligner)
NTSKIWHAR:1,Not Found (Aligner)
NMAIFALSR:1,Not Found (Aligner)
NTFDCGLLR:1,Not Found (Aligner)
NYSVPETQR:1,Not Found (Aligner)
NFLNAFAYR:1,Not Found (Aligner)
NCVCLGCIR:1,Not Found (Aligner)
N_WWRFKFR:1,Not Found (Aligner)
NICILRHHR:1,Not Found (Aligner)
NFCIFFCKR:1,Not Found (Aligner)
NGSLLHDQR:1,Not Found (Aligner)
NQEFRL_FR:1,Not Found (Aligner)
NDCYGLLMR:1,Not Found (Aligner)
NFLSNLKIR:1,Not Found (Aligner)
NLLRCVYIR:1,Not Found (Aligner)
NFSFFDFIR:1,Not Found (Aligner)
NFLIFFNIR:1,Not Found (Aligner)
NRLLLSVDR:1,Not Found (Aligner)
NLIGSGYVR:1,Not Found (Aligner)
NCMLSHDCR:1,Not Found (Aligner)
NLLGDHVCR:1,Not Found (Aligner)
NIIG_TRYR:1,Not Found (Aligner)
N_IHYSRCR:1,Not Found (Aligner)
NNHVYPICR:1,Not Found (Aligner)
NASISLPFR:1,Not Found (Aligner)
NDVVRRTLR:1,Not Found (Aligner)
NPSFQY_VR:1,Not Found (Aligner)
NGTDYRGSR:1,Not Found (Aligner)
NV_NCAYGR:1,Not Found (Aligner)
NSYYYSMIR:1,Not Found (Aligner)
N_EIRI_DR:1,Not Found (Aligner)
NSTYLHDQR:1,Not Found (Aligner)
NVFTFV_TR:1,Not Found (Aligner)
KFRSQLNCR:1,Not Found (Aligner)
NFFILDSFR:1,Not Found (Aligner)
NGIDIDNGR:1,Lower than threshold
NVTAWIAFR:1,Not Found (Aligner)
NWVQWRNLR:1,Not Found (Aligner)
N__VNKARR:1,Not Found (Aligner)
NVVN_WMNR:1,Not Found (Aligner)
NFDYVFHKR:1,Lower than threshold
NLYTTGLDR:1,Not Found (Aligner)
NTHRSNLVR:1,Not Found (Aligner)
N_FSCPCGR:1,Not Found (Aligner)
NRSATFNSR:1,Not Found (Aligner)
NMDREVDRR:1,Not Found (Aligner)
NHRSRYHSR:1,Not Found (Aligner)
NIMRFFTFR:1,Not Found (Aligner)
NATYYNYVR:1,Not Found (Aligner)
NN_RYLTYR:1,Not Found (Aligner)
NWIIFHRVR:1,Lower than threshold
NPLRSLRFR:1,Not Found (Aligner)
NWIIFHRVR:1,Lower than threshold
NILNSPLAR:1,Not Found (Aligner)
NINYHLVSR:1,Not Found (Aligner)
NGLR_WEAR:1,Not Found (Aligner)
NLYEHDLDR:1,Not Found (Aligner)
NIVVVCAVR:1,Not Found (Aligner)
NMGC_LRRR:1,Not Found (Aligner)
N_FTQGLGR:1,Not Found (Aligner)
NSCLVYPRR:1,Not Found (Aligner)
NVFDFSIVR:1,Not Found (Aligner)
NGIG_QGVR:1,Not Found (Aligner)
NRLMDSSNR:1,Not Found (Aligner)
NCLLQVPYG:1,Lower than threshold
NAILCKTIR:1,Not Found (Lossless)
NNMCAIQSR:1,Not Found (Aligner)
NNNVYSNCR:1,Not Found (Aligner)
NDFDGLLMR:1,Not Found (Aligner)
NLYNTS__R:1,Not Found (Aligner)
NWT_YPGKR:1,Not Found (Aligner)
NWGVEGGGR:1,Not Found (Aligner)
NSGSEPKGR:1,Not Found (Aligner)
NSPNLIMGR:1,Not Found (Aligner)
NNVSQWKRR:1,Not Found (Aligner)
N_STQRRGR:1,Not Found (Aligner)
NKLMYINNR:1,Not Found (Aligner)
NILH_RGQR:1,Lower than threshold
NFDTNLGRR:1,Not Found (Aligner)
NNRFRFVRR:1,Not Found (Aligner)
NHWVGLVGR:1,Not Found (Aligner)
NSFLNDVSR:1,Not Found (Aligner)
NDSYLSDAR:1,Not Found (Aligner)
NGQMDFPRR:1,Not Found (Aligner)
N_VCFLSPR:1,Not Found (Aligner)
NATTRLAYR:1,Lower than threshold
NGPNRFSDR:1,Not Found (Aligner)
NLSFFIHLR:1,Not Found (Aligner)
NEPLTVYQR:1,Not Found (Aligner)
NRSSLRDWR:1,Not Found (Aligner)
NEAYLY_ER:1,Not Found (Aligner)
NPMGS_ALR:1,Not Found (Aligner)
NSIILHPKR:1,Not Found (Aligner)
NVYGCMDSR:1,Not Found (Aligner)
NFIECLHYR:1,Not Found (Aligner)
NYFLGRSTR:1,Not Found (Aligner)
NGSWTWSNR:1,Not Found (Aligner)
NLSLGF_FR:1,Not Found (Aligner)
NYVVPSIFR:1,Not Found (Aligner)
NSRQR_R_R:1,Not Found (Aligner)
NFLRYLTYR:1,Not Found (Aligner)
NIAVWVRKR:1,Not Found (Aligner)
NGTVY_KSR:1,Not Found (Aligner)
NLFHH_IGR:1,Not Found (Aligner)
NVTAWFGIR:1,Lower than threshold
NWTGVSPRR:1,Not Found (Aligner)
NLCFW_GLR:1,Not Found (Aligner)
NTSTLGQTR:1,Not Found (Aligner)
NIAGTEAMR:1,Not Found (Aligner)
NFWMYDSGR:1,Not Found (Aligner)
NKFVI_NRR:1,Not Found (Aligner)
NATTFNLFR:1,Not Found (Aligner)
NMIVFW_SR:1,Not Found (Aligner)
NSIYVLKSR:1,Lower than threshold
NIIRYLTYR:1,Lower than threshold
NEERGWSIR:1,Not Found (Aligner)
NFRAFE_FR:1,Not Found (Aligner)
NWCAMSW_R:3,Not Found (Aligner)
NTHRSYLII:1,Not Found (Aligner)
NTTCNTLAI:1,Not Found (Aligner)
NSTLLLKSR:1,Not Found (Aligner)
NIWVGWADR:1,Not Found (Aligner)
NVTANQTYR:1,Not Found (Aligner)
NLEKDDTVR:1,Not Found (Aligner)
NQLEKVTIR:1,Not Found (Lossless)
NVFMAEAIR:1,Not Found (Aligner)
NEYPFP_LR:1,Not Found (Aligner)
NNMCTIQSR:1,Not Found (Aligner)
NCKVGGNER:1,Not Found (Aligner)
NVSVWDLVR:1,Not Found (Aligner)
NIVLLFATR:1,Not Found (Aligner)
NLPNSSWSR:1,Not Found (Aligner)
NFQV_FGAR:1,Not Found (Aligner)
NFLFHFIHR:1,Not Found (Aligner)
NLMVSFI_R:1,Not Found (Aligner)
NRCYC_RGR:1,Not Found (Aligner)
NWKHHYIFR:1,Not Found (Aligner)
NCLFWHDYR:1,Not Found (Aligner)
NYVSIFTYR:1,Not Found (Aligner)
NTYCDLLTR:1,Not Found (Aligner)
NVSMENAGR:1,Not Found (Aligner)
NVVALCDCR:1,Not Found (Aligner)
NYWDRKKHR:1,Not Found (Aligner)
NYALYIRSR:1,Not Found (Aligner)
NSWLGIP_R:1,Not Found (Aligner)
NYIFPVSFR:1,Not Found (Aligner)
NSFWSRATR:1,Not Found (Aligner)
NTSL_PNSR:1,Not Found (Aligner)
NSSTTASRR:1,Not Found (Aligner)
NSFSANMER:1,Not Found (Aligner)
NFSPGLVDR:1,Not Found (Aligner)
N_FNMLVNR:1,Not Found (Aligner)
NVRGGHEQR:1,Not Found (Aligner)
NSELSLASR:1,Not Found (Aligner)
NVVDIDNGR:1,Lower than threshold
NRT_FRGRR:1,Not Found (Aligner)
NRKVVIDTR:1,Not Found (Aligner)
NETAWFGFR:1,Lower than threshold
NSLVVIVYR:1,Not Found (Aligner)
NGHMAAAIR:1,Not Found (Aligner)
N_PL_PSSR:1,Not Found (Aligner)
NEANLYQ_R:1,Not Found (Aligner)
NWVSMF_CR:1,Not Found (Aligner)
NESSCT_TR:1,Not Found (Aligner)
NHEMGLYMR:1,Not Found (Aligner)
NALFCNVLR:1,Not Found (Aligner)
NRRLWCRFR:1,Not Found (Aligner)
NWISTQ_SR:1,Not Found (Aligner)
NVTPI_TFR:1,Not Found (Aligner)
NSSSITSVR:1,Not Found (Aligner)
NNFSCLLFR:1,Not Found (Aligner)
N_IAWRL_R:1,Not Found (Aligner)
N_DERSDQR:1,Not Found (Aligner)
NDTTSIDSR:1,Not Found (Aligner)
NESFKLYQR:1,Not Found (Aligner)
NGGRLGGAR:1,Not Found (Aligner)
NLITTLRRR:1,Not Found (Aligner)
NPMRSKTLR:1,Not Found (Aligner)
NGASGPGGR:1,Not Found (Aligner)
NVSPNQTYR:1,Not Found (Aligner)
N_IQWLVHR:1,Not Found (Aligner)
NAFFYYYIR:1,Not Found (Aligner)
NMKRGVGLR:1,Not Found (Aligner)
NLLSSYTLR:1,Not Found (Aligner)
NDLQSDVDR:1,Not Found (Aligner)
NSLRFTVRR:1,Not Found (Aligner)
NMALRKD_R:1,Not Found (Aligner)
NKW_HTDHR:1,Not Found (Aligner)
NNC_WLMTR:1,Not Found (Aligner)
NARVGSMGR:1,Not Found (Aligner)
KVSY_SGAR:1,Not Found (Aligner)
NYFPGRRTR:1,Not Found (Aligner)
NLHSCIPWR:1,Not Found (Aligner)
NRFCFIDSR:1,Not Found (Aligner)
NILFVFVNR:1,Not Found (Aligner)
NFFLFFRFR:1,Not Found (Aligner)
NRYILISYR:1,Not Found (Aligner)
NTLGVSGGR:1,Not Found (Aligner)
NRRDFT_VR:1,Not Found (Aligner)
NRNRVVSFR:1,Not Found (Aligner)
N_RLVVERR:1,Not Found (Aligner)
NSIFLHPDR:1,Not Found (Aligner)
NGAFNHFLR:1,Not Found (Aligner)
NFFWSPFIR:1,Not Found (Aligner)
NL_NLNQVR:1,Not Found (Aligner)
NAHLLFLFR:1,Not Found (Aligner)
NATSGLPYR:1,Not Found (Aligner)
NVTAWLGIR:1,Not Found (Aligner)
N_FSCSGVR:1,Not Found (Aligner)
NYTCAW_SR:1,Lower than threshold
NISCWEVGR:1,Not Found (Aligner)
NPRDSTRVR:1,Not Found (Aligner)
NDSFITPIR:1,Not Found (Aligner)
NLVVRIGDR:1,Not Found (Aligner)
NENWTVAIR:1,Not Found (Aligner)
NKAVLSCVR:1,Not Found (Aligner)
NLDDRIFDR:1,Not Found (Aligner)
NFFNYTLIR:1,Not Found (Aligner)
N_LIFSPFR:1,Not Found (Aligner)
NLYNQWQFG:1,Not Found (Aligner)
NLRYVSEIR:1,Not Found (Aligner)
NCIEYQILR:1,Not Found (Aligner)
NESFTPYRR:1,Not Found (Aligner)
NIGSWMKER:1,Not Found (Aligner)
NKDNF_A_R:1,Not Found (Aligner)
NLVTLCDCR:1,Not Found (Aligner)
NKWWYWRRR:1,Not Found (Aligner)
NLFRGFLWR:1,Not Found (Aligner)
NGSSG_TSR:1,Not Found (Aligner)
NTHGSNLKR:1,Not Found (Aligner)
NKLSFCYTR:1,Not Found (Aligner)
NYRLYP_WR:1,Not Found (Aligner)
NTRVAGAER:1,Not Found (Aligner)
NVIYDYNWR:1,Not Found (Aligner)
NSSFIASIR:1,Not Found (Aligner)
NDRL_S_FR:1,Not Found (Aligner)
NRDILKA_G:1,Not Found (Aligner)
NVADGREVR:1,Not Found (Aligner)
NSFSDRWSR:1,Not Found (Aligner)
NVIMKIARR:1,Lower than threshold
NSIFSK_YR:1,Not Found (Aligner)
NWKHHCFIR:1,Not Found (Aligner)
N_LFSGNLR:1,Not Found (Aligner)
NLRAIHFLR:1,Not Found (Aligner)
NGGSQPQFR:1,Not Found (Aligner)
NSS_V_LRG:1,Not Found (Aligner)
NSIFARKYR:1,Not Found (Aligner)
NFAGWTLCR:1,Not Found (Aligner)
NIIQWYQLR:1,Not Found (Aligner)
NSIFTGKYR:1,Not Found (Aligner)
NIIE_LLLR:1,Not Found (Aligner)
NVVYYRLMR:1,Not Found (Aligner)
NIAHCREVR:1,Not Found (Aligner)
NCKVIIDSR:1,Not Found (Aligner)
NVIGPWIDR:1,Not Found (Aligner)
NSYDQGRGR:1,Not Found (Aligner)
NRIRFPGTR:1,Not Found (Aligner)
NRPRVST_R:1,Not Found (Aligner)
NIGR_TIGR:1,Not Found (Aligner)
NYKLHYFFR:1,Not Found (Aligner)
NVSTCDLVR:1,Lower than threshold
NARRWLRYR:1,Not Found (Aligner)
NCFL_PISR:1,Not Found (Aligner)
NMATSRAIR:1,Not Found (Aligner)
NMATSRAIR:1,Not Found (Aligner)
NNMCAIHSG:1,Not Found (Aligner)
NVAVRGGKR:1,Not Found (Aligner)
NCWCHRKLR:1,Not Found (Aligner)
NLYELRMDR:1,Not Found (Aligner)
NVIMRVARR:1,Not Found (Aligner)
NISTTPSKR:1,Not Found (Aligner)
NFFF__IIR:1,Not Found (Aligner)
NDRMARDNR:1,Not Found (Aligner)
NNRFITTIR:1,Not Found (Aligner)
NGGRHRGVR:1,Not Found (Aligner)
NYCDKGDGR:1,Not Found (Aligner)
NTTTRLPYR:1,Lower than threshold
NLDREVNRR:1,Not Found (Aligner)
N_TGVSPQR:1,Not Found (Aligner)
NATVYNSNR:1,Not Found (Aligner)
NQICCYTIR:1,Not Found (Aligner)
NRPCLRE_R:1,Not Found (Aligner)
NPSMQN_VR:1,Not Found (Aligner)
NTMAIWGIR:1,Not Found (Aligner)
NV_NGAQSR:1,Not Found (Aligner)
NELWCRRLR:1,Not Found (Aligner)
NLSSLIWLR:1,Not Found (Aligner)
NFYD_SDER:1,Not Found (Aligner)
NKLC_WESR:1,Not Found (Aligner)
NHLMGGICR:1,Not Found (Aligner)
NGSSAI__R:1,Not Found (Aligner)
NSSNGFVIR:1,Not Found (Aligner)
NRI_RLGCR:1,Not Found (Aligner)
NVAGSRTMR:1,Not Found (Aligner)
NCVVRSTLR:1,Not Found (Aligner)
NIAEAS_AR:1,Not Found (Aligner)
NFWIFVDPR:1,Not Found (Aligner)
NFQDLIGTR:1,Not Found (Aligner)
N_THYSRSR:1,Not Found (Aligner)
NFVFWHRLR:1,Not Found (Aligner)
NESAWFGFR:1,Not Found (Aligner)
NK__LTVDR:1,Not Found (Aligner)
NIAFVGSTR:1,Not Found (Aligner)
NRRQVLISR:1,Not Found (Aligner)
NATIFNSNR:1,Not Found (Aligner)
NW_CSRDCR:1,Lower than threshold
NGCSACSSR:1,Not Found (Aligner)
NNVNR_RWR:1,Not Found (Aligner)
NLILYISTR:1,Not Found (Aligner)
NK_SVGNQR:1,Not Found (Aligner)
NFLSNYMIR:1,Not Found (Aligner)
NNSG_TRNR:1,Not Found (Aligner)
NVSIYILVR:1,Not Found (Aligner)
NVVSNADSR:1,Not Found (Aligner)
NSISCLHYR:1,Not Found (Aligner)
NYLSYLSFR:1,Not Found (Aligner)
NFKSQLNYR:1,Not Found (Aligner)
NNIYVLISR:1,Lower than threshold
NY_YSIVYR:1,Not Found (Aligner)
NGKAEGVGR:1,Not Found (Aligner)
NMW_R_QRR:1,Not Found (Aligner)
NNFV__LAR:1,Not Found (Aligner)
NLIGRGQTR:1,Not Found (Aligner)
NNIYELRSR:1,Not Found (Aligner)
NEGHCREER:1,Not Found (Aligner)
NYWNHRKLR:1,Not Found (Aligner)
NYFPGRCTG:1,Lower than threshold
N_FVIDILR:1,Not Found (Aligner)
NSCSYTTVR:1,Lower than threshold
NRMKCRFTR:1,Not Found (Aligner)
NNEMTSFSR:1,Not Found (Aligner)
NHRFYYGPR:1,Not Found (Aligner)
NVTAWSSFR:1,Not Found (Aligner)
NYRDLIY_R:1,Lower than threshold
NVPTLCVLR:1,Not Found (Aligner)
NGQFWNVER:1,Not Found (Aligner)
NWDDLDRVR:1,Not Found (Aligner)
NIFHVGAYR:1,Not Found (Aligner)
NDLFWNVNR:1,Not Found (Aligner)
NLNHWVVRR:1,Not Found (Aligner)
NFW_GVAYR:1,Not Found (Aligner)
NVSM_GELR:1,Not Found (Aligner)
NVCDRMNSR:1,Not Found (Aligner)
NDRCYWEAR:1,Not Found (Aligner)
NFDCGLHKR:1,Not Found (Aligner)
NWLCRSVYR:1,Not Found (Aligner)
NVFD_RGAR:1,Not Found (Aligner)
NATNYNSFR:1,Not Found (Aligner)
NEPVLSRSR:1,Not Found (Aligner)
NFLVLFGTR:1,Not Found (Aligner)
N_I_FLVLR:1,Not Found (Aligner)
NRCLFYGSR:1,Not Found (Aligner)
NRKVFIELR:1,Not Found (Aligner)
NFYYVLRFR:1,Not Found (Aligner)
NGGW_DHRR:1,Not Found (Aligner)
NNNG_IWNR:1,Not Found (Aligner)
NKESVWELR:1,Not Found (Aligner)
NASIYSSYR:1,Not Found (Aligner)
NSSEYRHPR:1,Not Found (Aligner)
NSDTFLDPR:1,Not Found (Aligner)
NVFTVLLDR:1,Not Found (Aligner)
NNWFGFS_R:1,Not Found (Aligner)
NPRDQVSGR:1,Not Found (Aligner)
NFRSQLNSR:1,Not Found (Aligner)
NIFIVDASR:1,Not Found (Aligner)
NVAVWETDR:1,Not Found (Aligner)
KIAFDGTTR:1,Not Found (Aligner)
NWISTLRLR:1,Not Found (Aligner)
NESSCTGTR:1,Not Found (Aligner)
NTGIE_VER:1,Not Found (Aligner)
NPVGPGYVR:1,Not Found (Aligner)
NI_WS_RLR:1,Not Found (Aligner)
NPAICTEFR:1,Not Found (Aligner)
N_IQWLDHR:1,Not Found (Aligner)
NSKSQSTRR:1,Not Found (Aligner)
NSGLSTICR:1,Not Found (Aligner)
NVLLVGLAR:1,Not Found (Aligner)
N_LYIKGIR:1,Not Found (Aligner)
NERCIPSKR:1,Not Found (Aligner)
NAYGPWTER:1,Not Found (Aligner)
KLSSHFWLR:1,Not Found (Aligner)
NSCL_PDSR:1,Not Found (Aligner)
NMLDGLELR:1,Not Found (Aligner)
NWKHHYSFR:1,Not Found (Aligner)
NEAVLSCVR:1,Not Found (Aligner)
NRWACDPRR:1,Not Found (Aligner)
NSEILTPYR:1,Not Found (Aligner)
NSSSRLVRR:1,Not Found (Aligner)
NYGGLLGVR:1,Not Found (Aligner)
NPRDFTWVG:2,Not Found (Aligner)
N_GA_RCRR:1,Not Found (Aligner)
NTYHFRGVR:1,Not Found (Aligner)
NIYGPWIER:1,Not Found (Aligner)
NG_ADGDGR:1,Lower than threshold
NVAH_VMER:1,Not Found (Aligner)
NFKGLVTGR:1,Not Found (Aligner)
NTDRPNLTR:1,Not Found (Aligner)
YGCYCRRGR:1,Not Found (Aligner)
NSDTILDRR:1,Not Found (Aligner)
NGCLGFPCR:1,Not Found (Aligner)
NCDAFYVEG:1,Not Found (Aligner)
NFADRFCRR:1,Not Found (Aligner)
NLLYSNYYR:1,Not Found (Aligner)
NITVWFGFR:1,Not Found (Aligner)
NS_LFMLFR:1,Not Found (Aligner)
NLYTYELNR:1,Not Found (Aligner)
