NR:0:1346,273649,274995
NI:0:5,645,650
KR:0:3,321,324
SR:0:12,60,72
NG:0:5,58,63
NS:0:25,25,50
DR:0:2,39,41
NT:0:1,37,38
NK:0:6,30,36
IR:0:1,6,7
YR:0:1,5,6
NC:0:2,0,2
HR:0:0,2,2
YL:0:1,0,1
NW:0:1,0,1
NM:0:1,0,1
NY:0:1,0,1
NN:0:1,0,1
IS:0:1,0,1
SS:0:0,1,1
-----
NCSDR:3:0,30,30
-----
NKLFDLDR:6:0,1,1
NGRFWNVE:6:0,1,1
-----
NRKVFIDSR:7:6,1686,1692
NVTAWFGFR:7:9,1548,1557
NCKLFDLDR:7:1,1497,1498
NATTRLPYR:7:6,1425,1431
NWKHHYFFR:7:3,1277,1280
NVYGPWIER:7:4,1198,1202
NDTATIDSR:7:0,1175,1175
NDLIIWIAR:7:4,1138,1142
NEECTLTIR:7:4,1130,1134
NMAVVCAVR:7:5,1127,1132
NKLMDSNNR:7:5,1117,1122
NSYILISYR:7:3,1085,1088
NYWYHKKLR:7:3,1073,1076
NRFWTWSNR:7:4,1027,1031
NATIYNSYR:7:0,1029,1029
NSCNYTTVR:7:2,1007,1009
NHCFFYGSR:7:4,988,992
NFARWILCR:7:3,980,983
NVAHCREVR:7:4,940,944
NSFHHWMGR:7:3,929,932
NWTGVSPER:7:0,905,905
NMATSRTIR:7:1,895,896
NTRVGGSER:7:5,883,888
NVSICDLVR:7:2,882,884
NPRDFTWVR:7:2,856,858
NMVVWVTDR:7:2,845,847
NCLFSHDCR:7:3,841,844
NFGFCGWRR:7:2,841,843
NFDYVLHKR:7:2,832,834
NWIIFQRVR:7:7,819,826
NVSMQGELR:7:2,811,813
NNSFITSIR:7:4,802,806
NNSYRFVRR:7:0,798,798
NNFSCLHYR:7:1,794,795
NSIFTKKYR:7:1,787,788
NIMRYLTYR:7:4,776,780
NFKSQLNCR:7:4,774,778
NGTATYNCR:7:3,773,776
NLDNLHSVR:7:3,770,773
NCYRFQEVR:7:1,770,771
NDNYVLTSR:7:0,755,755
NVRFRSAGR:7:2,745,747
NPFSDGWCR:7:3,738,741
NLYTNELDR:7:3,730,733
NGSSACTSR:7:2,723,725
NRCFGCLCR:7:4,696,700
NFWMYDPRR:7:0,698,698
NILHKRGQR:7:1,696,697
NCVSEPKGR:7:0,696,696
NCIVFQILR:7:3,687,690
NPMRSYTLR:7:1,687,688
NYFPGRCTR:7:1,681,682
NWVLRTSRR:7:1,674,675
NEAYLYQER:7:2,673,675
NVIMKIAGR:7:0,672,672
NCVYFLSPR:7:4,661,665
NLSSLFWLR:7:4,651,655
NYDKRSHQR:7:1,651,652
NTHRSYLMR:7:3,639,642
NELCLWETR:7:3,622,625
NKLFFCYMR:7:4,620,624
NRLSLGPCR:7:4,618,622
NTLYAGLSR:7:4,615,619
NLILYISPR:7:1,608,609
NCLEMCILR:7:3,594,597
NAGSRSEVR:7:0,596,596
NMWLYWRRR:7:2,588,590
NVIDIDNGR:7:3,585,588
NKCMLRQRR:7:2,582,584
NHFTSLFAR:7:4,579,583
NYRILGVRR:7:2,574,576
NCNCLWDCR:7:4,568,572
NVYVVIVDR:7:3,568,571
NSLKIQGSR:7:1,570,571
NVSLVGHAR:7:2,567,569
NIAGSETMR:7:2,566,568
NTSTTPSKR:7:1,567,568
NVRTIFLVR:7:0,563,563
NCYCDLLTR:7:0,560,560
NGYEFGSTR:7:2,557,559
NLEIRINDR:7:3,552,555
NFYDKSDGR:7:1,553,554
NNACFVLGR:7:2,551,553
NSPPGLVDR:7:1,538,539
NYWEVHWLR:7:4,529,533
NATYYNHVR:7:0,533,533
NLINLKRER:7:1,531,532
NKTVVDNTR:7:1,529,530
NGPKGLPDR:7:0,528,528
NSNCIVSLR:7:2,522,524
NIGRWTVGR:7:1,519,520
NSSGHLKFR:7:2,516,518
NKLYIEGIR:7:1,508,509
NISCCWDIR:7:0,506,506
NMGCELRRR:7:0,506,506
NWYKFRPLR:7:2,503,505
NSSYPYMSR:7:3,499,502
NYVVRSILR:7:0,486,486
NVFPLPWVR:7:0,485,485
NLVGPGYVR:7:4,479,483
NYRGKHGNR:7:2,470,472
NVMYGWDSR:7:1,464,465
NPLRSLCFR:7:1,463,464
NTRVRNVYR:7:4,457,461
NESFTLYQR:7:1,458,459
NFPSNHKIR:7:1,456,457
NGTVYRESR:7:1,449,450
NLDRDVDRR:7:3,435,438
NTTCKTLAR:7:2,433,435
NRKRGVGLR:7:8,424,432
NPFCMSRFR:7:2,427,429
NFFIVDSCR:7:1,416,417
NRAKDAWVR:7:2,412,414
NFWKGLAYR:7:1,412,413
NRVSYWFLR:7:0,413,413
NCVRWGCIR:7:2,410,412
NLLDDHVWR:7:2,403,405
NSGLSTFYR:7:0,405,405
NNMCTIHSR:7:0,403,403
NCFNMLINR:7:1,401,402
NGVKVRAVR:7:2,400,402
NSYIQVSWR:7:0,401,401
NSYGHRLLR:7:4,394,398
NEAVLTCVR:7:0,396,396
NSFVAFGYR:7:6,387,393
NNIYVLKSR:7:4,386,390
NTFGFSGGR:7:1,389,390
NFQVLFGTR:7:0,390,390
NFMTYPLYR:7:1,385,386
NYLYYLSSR:7:0,384,384
NSAMWVIPR:7:1,382,383
NDRMAWYNR:7:1,381,382
NCSLLTRHR:7:1,378,379
NDLWCKRLR:7:4,369,373
NLYNLWQFR:7:0,373,373
NSDTYLGRR:7:0,371,371
NNLKFTVRR:7:0,368,368
NNSFFMLFR:7:0,365,365
NTDLSLASR:7:2,359,361
NTCQFRGVR:7:3,357,360
NLITTLRMR:7:1,358,359
NLDDNVLDR:7:0,358,358
NARVGNMGR:7:0,356,356
NLSRGFLWR:7:0,356,356
NWMSRMAIR:7:0,351,351
NRRSRYHRR:7:2,348,350
NALFCYILR:7:2,348,350
NRDWFYNAR:7:0,345,345
NFTFWHRLR:7:2,337,339
NYALYFRSR:7:1,332,333
NNFLNGVNR:7:0,329,329
NMLIVILVR:7:1,327,328
NIAFDGTTR:7:4,322,326
NVFMAETIR:7:0,325,325
NGRFWNVER:7:1,321,322
NMPNSSTCR:7:2,319,321
NGAFKHLMR:7:4,313,317
NSLCARRKR:7:3,314,317
NSVVVGLCR:7:2,312,314
NCITLHCAR:7:1,313,314
NYGGFFGIR:7:2,308,310
NDRCYRGAR:7:0,310,310
NVYDCMNSR:7:0,309,309
NLSLGFQFR:7:0,305,305
NENYHMVSR:7:0,305,305
NSNLLLGIR:7:0,300,300
NIPCFQVSR:7:1,296,297
NIVLVLRFR:7:0,297,297
NILVCLVLR:7:2,292,294
NISLLFIHR:7:2,292,294
NCLLQVPYR:7:0,294,294
NYFGKISIR:7:1,291,292
NDIMWITCR:7:1,287,288
NACVSSRTR:7:6,280,286
NSRQYLKRR:7:0,282,282
NILNAAGAR:7:1,280,281
NDCAVYGGR:7:0,279,279
NIIQRYLLR:7:0,279,279
NSCQLLLLR:7:0,277,277
NRVKWRFGR:7:1,275,276
NLFSVNMVR:7:1,274,275
NVSTLYLLR:7:0,275,275
NYRDLIYKR:7:1,273,274
NEVVCGRLR:7:0,274,274
NCYNAVGFR:7:1,271,272
NDFSVESDR:7:0,271,271
NFYFNMIIR:7:2,268,270
NTLLIGLLR:7:1,264,265
NIVNLYGNR:7:3,261,264
NVSKMQYAR:7:1,263,264
NYELGSIGR:7:0,262,262
NMLTSLLRR:7:3,258,261
NYVCMDHLR:7:1,260,261
NSFCQCLFR:7:0,260,260
NSKSRVSCR:7:0,258,258
NRTSTDHVR:7:1,255,256
NSSWYAPSR:7:0,256,256
NLVALCDCR:7:1,251,252
NYRLFLRLR:7:1,250,251
NSITGALPR:7:0,249,249
NDNQICRRR:7:2,246,248
NVFSVMMHR:7:2,243,245
NYDSMYTDR:7:1,243,244
NTMYRQQCR:7:2,241,243
NSIIVMRVR:7:0,240,240
NFMYVSKIR:7:1,237,238
NFTQRTIWR:7:1,234,235
NKIRVRINR:7:0,235,235
NNNVLLLRR:7:0,234,234
NVASNALSR:7:2,225,227
NWHLLCLDR:7:1,223,224
NFIFPVNFR:7:2,220,222
NQICCYIFR:7:0,222,222
NGEGRSRMR:7:0,220,220
NTMVIRGIR:7:1,215,216
NVLYTFICR:7:0,215,215
NESSCTSTR:7:0,215,215
NIVDCLCRR:7:0,213,213
NALVCMLFR:7:0,211,211
NSMLLCYLR:7:0,205,205
NSVSMFWCR:7:1,203,204
NSFLMWKCR:7:0,203,203
NMFCQSLTR:7:1,199,200
NKIYTVFDR:7:1,197,198
NKRQVLMTR:7:1,195,196
NTFVCGQAR:7:0,196,196
NFDSVKTLR:7:1,192,193
NYTARGLKR:7:1,192,193
NLVNICAGR:7:1,190,191
NWFSTQCSR:7:1,190,191
NCDAFYVER:7:2,188,190
NGYCMYCDR:7:0,189,189
NFIECLLLR:7:2,185,187
NQVGDLRER:7:1,184,185
NTFWSRFTR:7:1,183,184
NGWSYWIQR:7:1,182,183
NMNCWEVGR:7:2,180,182
NNHVYPYCR:7:0,182,182
NELYFMFVR:7:0,180,180
NASSYPSLR:7:0,180,180
NVFYLVYWR:7:2,177,179
NHMVTASGR:7:1,177,178
NFKGLVSVR:7:0,178,178
NCCLEWIIR:7:0,178,178
NWGMGHANR:7:0,178,178
NIGFTGEHR:7:1,175,176
NDLSLTCSR:7:1,172,173
NLTGGFRLR:7:3,170,173
NLYGYRLER:7:0,172,172
NRSVGGICR:7:0,169,169
NNCIFLCKR:7:1,167,168
NHCISLRLR:7:1,167,168
NLSCCSDRR:7:0,167,167
NPFSSYLER:7:0,165,165
NLNLVGVFR:7:0,162,162
NINCLHVDR:7:0,161,161
NTVIVLIKR:7:0,159,159
NCLIWFVIR:7:0,157,157
NLIGPGYSR:7:0,152,152
NFGISVYRR:7:1,148,149
NLYNTSWWR:7:1,147,148
NFLREECGR:7:0,146,146
NSIILHPER:7:0,145,145
NVSKFDDVR:7:0,145,145
NVFMELYAR:7:0,140,140
NLYEHNMDR:7:1,136,137
NSFLLGGAR:7:0,128,128
NSLIRAHWR:7:0,124,124
NVLWSWFMR:7:2,118,120
NDLQSNVNR:7:0,120,120
NICLSYKFR:7:1,116,117
NHINFRGTR:7:2,114,116
NFIVWYMKR:7:0,116,116
NSSKYTLPR:7:0,108,108
NETLGNHIR:7:0,107,107
NPSDCSILR:7:0,106,106
NKLCLVYVR:7:1,104,105
NATCTVSFR:7:0,105,105
NNMTNTWPR:7:1,102,103
NKVTRTVSR:7:0,103,103
NGYREGFSR:7:0,102,102
NRFTVRSMR:7:0,101,101
NVVVSFMWR:7:1,99,100
NIFHIGAYR:7:0,100,100
NVRSQDVFR:7:1,96,97
NVSDLVVKR:7:1,96,97
NHTVGLMGR:7:2,94,96
NSNERATNR:7:0,96,96
NRSETWFGR:7:1,94,95
NGMLCKTSR:7:0,95,95
NLTFAEATR:7:0,95,95
NLASCSGER:7:1,93,94
NNRVCVYPR:7:0,94,94
NLVRTRTIR:7:1,92,93
NMGCRGPLR:7:1,91,92
NPNSYLNSR:7:0,92,92
NSTFLHDQR:7:0,92,92
NPFLVELSR:7:0,90,90
NGVMRPQYR:7:0,90,90
NMLFSILFR:7:1,88,89
NHIMDLSSR:7:0,89,89
NSLPFPAIR:7:1,85,86
NNPSWAWLR:7:0,86,86
NVIVERELR:7:1,84,85
NLNCLVNHR:7:0,85,85
NLICMLYQR:7:0,85,85
NTDSKWSLR:7:1,83,84
NWVFLVDSR:7:3,81,84
NCCMWWLCR:7:0,84,84
NMCYQGPKR:7:0,83,83
NGYLDLSDR:7:2,80,82
NIKGLIELR:7:0,82,82
NGLHYYHSR:7:0,82,82
NSSEVNCSR:7:0,81,81
NLVLYYGIR:7:3,77,80
NYRVFVVVR:7:1,79,80
NLERGDTVR:7:0,80,80
NHEKGLYMR:7:1,78,79
NSNCYRSKR:7:0,79,79
NCWNLLGCR:7:1,77,78
NGFDFRVDR:7:0,78,78
NFYCLDFHR:7:1,76,77
NSSGGGVCR:7:0,77,77
NYSMCRAYR:7:0,76,76
NDRVMISVR:7:0,76,76
NSLFVKFQR:7:0,75,75
NTIWKTLIR:7:0,74,74
NTSMTLNRR:7:0,73,73
NLVNCTWNR:7:0,72,72
NSFQCLAAR:7:0,71,71
NFYYKATWR:7:0,71,71
NDIKSTFFR:7:0,70,70
NLVIRPSNR:7:0,69,69
NEQMNFLRR:7:0,67,67
NQLVLLKLR:7:1,65,66
NRNKFVLFR:7:0,66,66
NLRCRWFRR:7:1,63,64
NNVCSGLVR:7:1,59,60
NFFRCPLGR:7:0,41,41
NSYMINFER:7:0,40,40
NDCDGLLMR:7:0,39,39
NVTPNQTYR:7:1,37,38
NANYDYDRR:7:0,14,14
NEPVLSRNR:7:0,9,9
NDSLVGHAR:7:1,4,5
NLILYIIPR:7:0,5,5
NIAVVCAVR:7:0,5,5
NIIFTKKYR:7:0,5,5
KGSSACTSR:7:0,5,5
NDRMAWCNR:7:0,5,5
NDSMQGELR:7:0,5,5
NYDTYLGRR:7:0,5,5
NCIVIQILR:7:1,3,4
KDTATIDSR:7:0,4,4
KWKHHYFFR:7:0,4,4
NLVQRGPVR:7:0,4,4
NCNCLCDCR:7:0,4,4
NSITTYPHR:7:0,4,4
NTHRSYLMI:7:0,4,4
NDRMAWNNR:7:0,4,4
NTLYAGLSI:7:0,4,4
NSFSCLHYR:7:0,4,4
NSCNYSTVR:7:0,4,4
NLKHHYFFR:7:0,4,4
NTSTTPSRR:7:0,4,4
KRKVFIDSR:7:0,4,4
NFYDRSDGR:7:1,2,3
NCLFSLDCR:7:1,2,3
KCIVFQILR:7:0,3,3
NEDYLYQER:7:0,3,3
NSCHRCKYR:7:0,3,3
KFDYVLHKR:7:0,3,3
NSHVYPYCR:7:0,3,3
NSYILISYI:7:0,3,3
NCIVFQTLR:7:0,3,3
KHFTSLFAR:7:0,3,3
NSSFFMLFR:7:0,3,3
NKLMDSSNR:7:0,3,3
NILHKRGQI:7:0,3,3
NASMQGELR:7:0,3,3
NYWYHKKLI:7:0,3,3
KCYCDLLTR:7:0,3,3
NYWMYDPRR:7:0,3,3
NATTYNSYR:7:0,3,3
NFDYVFHKR:7:0,3,3
NSTTRLPYR:7:0,3,3
NWIIFHRVR:7:0,3,3
NCVSEPKCR:7:0,3,3
NIMRYLTYI:7:0,3,3
KWTGVSPER:7:0,3,3
NTCQFRRVR:7:0,3,3
NVSMKGELR:7:0,3,3
NKTVVDNSR:7:0,3,3
NDLIIWISR:7:0,3,3
NHFTSLFER:7:0,3,3
NSCSYTTVR:7:0,3,3
NCSCLWDCR:7:0,3,3
NYNYVLTSR:7:0,3,3
NDLTIWIAR:7:0,3,3
NWKHHYSFR:7:0,3,3
NPRDFTWVG:7:0,3,3
NKLYIDGIR:7:0,3,3
NSTIYNSYR:7:0,3,3
KVYDCMNSR:7:0,3,3
NFLSNHKIR:7:0,3,3
NSYTYLGRR:7:0,3,3
NLRDFTWVR:7:0,3,3
NSSFITSIR:7:0,3,3
NFDYVLHKI:7:0,3,3
NYDKRSHER:7:0,3,3
NDYGPWIER:7:0,3,3
DVYGPWIER:7:0,3,3
NDTIYNSYR:7:0,3,3
NCKLFYLDR:7:0,3,3
NYVVRSNLR:7:1,1,2
NSDTYLDRR:7:1,1,2
NCRLFDLDR:7:1,1,2
NYWYHRKLR:7:1,1,2
NVVLRLTIR:7:1,1,2
NRMRSYTLR:7:1,1,2
NIAFDGATR:7:1,1,2
NSFHHWMDR:7:1,1,2
DYRGKHGNR:7:0,2,2
NNVNQWWRR:7:0,2,2
NCEYFLSPR:7:0,2,2
NRVRWRFGR:7:0,2,2
NVSTLYLFR:7:0,2,2
NRFWTLSNR:7:0,2,2
NDSKMQYAR:7:0,2,2
NSLSCSLYR:7:0,2,2
NFLEMCILR:7:0,2,2
KCYRFQEVR:7:0,2,2
KCKLFDLDR:7:0,2,2
NVYNGAYSR:7:0,2,2
NRRRGVGLR:7:0,2,2
NSCNYTTFR:7:0,2,2
NFTQRAIWR:7:0,2,2
NFWMYDRPR:7:0,2,2
NLMSRMAIR:7:0,2,2
NYWKVHWLR:7:0,2,2
NIYILISYR:7:0,2,2
NVSNMQYAR:7:0,2,2
NQSLGFQFR:7:0,2,2
KCYNAVGFR:7:0,2,2
NSGSRSEVR:7:0,2,2
NFKLFDLDR:7:0,2,2
NYGGVFGIR:7:0,2,2
NDNQIYRRR:7:0,2,2
NVYGPRIER:7:0,2,2
NSSCIVSLR:7:0,2,2
NYTLIVVWR:7:0,2,2
NNTCKTLAR:7:0,2,2
NHCISLRFR:7:0,2,2
NWTGLSPER:7:0,2,2
NIWLYWRRR:7:0,2,2
NIAFDGNTR:7:0,2,2
NSTYYNHVR:7:0,2,2
NATTRLPNR:7:0,2,2
NKLMDSNSR:7:0,2,2
NRIFTKKYR:7:0,2,2
KHMVTASGR:7:0,2,2
NVSIQGELR:7:0,2,2
NIAGSETIR:7:0,2,2
NWSTQGRGR:7:0,2,2
NWIQSLVHR:7:0,2,2
NHRDFTWVR:7:0,2,2
NSLKIQGSI:7:0,2,2
NVIMKIAVR:7:0,2,2
NILHRRGQR:7:0,2,2
NSRVGGSER:7:0,2,2
NKSVVDNTR:7:0,2,2
NVTSWFGFR:7:0,2,2
NYIMWITCR:7:0,2,2
KVFSVMMHR:7:0,2,2
DHCFFYGSR:7:0,2,2
NECMLRQRR:7:0,2,2
NGLNYYHSR:7:0,2,2
NLINLKRKR:7:0,2,2
KDLIIWIAR:7:0,2,2
NFYRFQEVR:7:0,2,2
NATTRLAYR:7:0,2,2
NCITLHCGR:7:0,2,2
NTRDFTWVR:7:0,2,2
NLILYISHR:7:0,2,2
NGSSACTSI:7:0,2,2
NSDTYLVRR:7:0,2,2
NSIYVLKSR:7:0,2,2
NSFHHWMGG:7:0,2,2
ISSKYTLPR:7:0,2,2
NSLCARRKG:7:0,2,2
NGLSYWIQR:7:0,2,2
NSIFSKKYR:7:0,2,2
NNRVGGSER:7:0,2,2
NVRLRSAGR:7:0,2,2
NSIFTKRYR:7:0,2,2
NVNAWFGFR:7:0,2,2
NDLIIWIER:7:0,2,2
NYWEVHWFR:7:0,2,2
NVSHCREVR:7:0,2,2
NHCVSLRLR:7:0,2,2
NYLHYLSSR:7:0,2,2
NVYADGDGR:7:0,2,2
NRPKDAWVR:7:0,2,2
NMGCELRLR:7:0,2,2
NMATLRTIR:7:0,2,2
NWTGVSPKR:7:0,2,2
KSCNYTTVR:7:0,2,2
KGYEFGSTR:7:0,2,2
NSYILIPYR:7:0,2,2
NASKFDDVR:7:0,2,2
NSSGHLRFR:7:0,2,2
NEFCLWETR:7:0,2,2
NIILYISPR:7:0,2,2
NWTGVSLER:7:0,2,2
NCHRFQEVR:7:0,2,2
NHCSFYGSR:7:0,2,2
NVVLRYTIR:7:0,2,2
NRSFGCLCR:7:0,2,2
KVASNALSR:7:0,2,2
NSYILNSYR:7:0,2,2
NDTETIDSR:7:0,2,2
SCYRFQEVR:7:0,2,2
NEGCTLTIR:7:0,2,2
NMWLHWRRR:7:0,2,2
NEAYLYQEI:7:0,2,2
NVSKMKYAR:7:0,2,2
NEIMKIAGR:7:0,2,2
NALFCYIFR:7:0,2,2
NYFPGRCTG:7:0,2,2
NWFWTWSNR:7:0,2,2
NMDVVCAVR:7:0,2,2
NDNYVLTFR:7:0,2,2
NMNCWDVGR:7:0,2,2
NLAKDAWVR:7:0,2,2
NFLVLFGTR:7:0,2,2
NRKVFNDSR:7:0,2,2
NTLSIGLLR:7:0,2,2
NTVIVLINR:7:0,2,2
NARVGDMGR:7:0,2,2
NFIFPVSFR:7:0,2,2
NVSTFYLLR:7:0,2,2
NFARWILCI:7:0,2,2
NFRTFEWMR:7:0,2,2
NCVSEPRGR:7:0,2,2
NSLKFTVRR:7:0,2,2
NDSYVLTSR:7:0,2,2
NWIIFKRVR:7:0,2,2
NYFSGRCSR:7:0,2,2
NHCFFYVSR:7:0,2,2
KRCFGCLCR:7:0,2,2
NVYGHWIER:7:0,2,2
NSFLMLKCR:7:0,2,2
NYRGRHGNR:7:0,2,2
NCNCIWDCR:7:0,2,2
NATTRLHYR:7:0,2,2
KGVKVRAVR:7:0,2,2
SHTVGLMGR:7:0,2,2
NMSLGFQFR:7:0,2,2
NYFPDRCTR:7:0,2,2
NPMRSHTLR:7:0,2,2
NLSRGFLWI:7:0,2,2
NILKIQGSR:7:0,2,2
NMPNSSRCR:7:0,2,2
NTFSDGWCR:7:0,2,2
NSIVVMRVR:7:0,2,2
NLEIHINDR:7:0,2,2
NPREFTWVR:7:0,2,2
NWKHHYFLR:7:0,2,2
KLDNLHSVR:7:0,2,2
NELCLRETR:7:0,2,2
NWGMGHANI:7:0,2,2
NLTAWFGFR:7:0,2,2
NPLRSLRFR:7:0,2,2
NLIIFQRVR:7:0,2,2
NYLYYLSFR:7:0,2,2
NGPEGLPDR:7:0,2,2
NYSGHLKFR:7:0,2,2
NLVGTGYVR:7:0,2,2
NFSMQGELR:7:0,2,2
NVRFRYAGR:7:0,2,2
NSLRIQGSR:7:0,2,2
NSMSRMAIR:7:0,2,2
NIIRYLTYR:7:0,2,2
NDLYTFICR:7:0,2,2
NWKHHYIFR:7:0,2,2
NNPCFQVSR:7:0,2,2
NSAMWAIPR:7:0,2,2
NYWKGLAYR:7:0,2,2
KVFPLPWVR:7:0,2,2
NVYDFMNSR:7:0,2,2
KMAVVCAVR:7:0,2,2
NRLRSLCFR:7:0,2,2
NKRQVLMKR:7:0,2,2
NMKRGVGLR:7:0,2,2
NWMLRMAIR:7:0,2,2
NYLYYLNSR:7:0,2,2
KYGGFFGIR:7:0,2,2
KYRLFLRLR:7:0,2,2
NLVNICACR:7:0,2,2
NCFLLTRHR:7:0,2,2
NFVFCGWRR:7:0,2,2
NMATSRAIR:7:0,2,2
NFCKGLAYR:7:0,2,2
NTTCKNLAR:7:0,2,2
KDLWCKRLR:7:0,2,2
NTHMSYLMR:7:0,2,2
NRDWFYNAG:7:0,2,2
NFDSVMTPR:7:1,0,1
NSYIQVGRR:7:1,0,1
NLTEGFRLR:7:1,0,1
NRKVIIDSR:7:1,0,1
NNIERYLMR:7:1,0,1
KSLCQRLFR:7:1,0,1
NCIALHCAR:7:1,0,1
NFIFPAKFR:7:1,0,1
NVFMEFYAS:7:1,0,1
NRCFGSLCR:7:1,0,1
NICLSNKFG:7:1,0,1
NFMTIPLNR:7:1,0,1
NISCCREIR:7:1,0,1
NIVGRILSR:7:1,0,1
SWFGRPGGR:7:1,0,1
NVVDSFMWR:7:1,0,1
NVTAWFGIG:7:1,0,1
NSITLHCAR:7:1,0,1
NFIQRTTWR:7:1,0,1
NKIYVLRSR:7:1,0,1
NMDVWVTDR:7:1,0,1
NVGSRGPHR:7:1,0,1
NTVFRYECR:7:1,0,1
NMVVWVTDG:7:1,0,1
NFSFWHRLR:7:1,0,1
NFIQRTVWR:7:1,0,1
NNGFITSVR:7:1,0,1
NSVVVGLYK:7:1,0,1
NGLYLSGAR:7:1,0,1
NRCFGSPSR:7:1,0,1
NDRVNAWWR:7:1,0,1
NTCQFRGVG:7:1,0,1
NQVCCYVFR:7:1,0,1
NVGLGKAIG:7:1,0,1
NAIVERGSR:7:1,0,1
NELGLWEAR:7:1,0,1
NCLETCILR:7:1,0,1
NYVCIVLLR:7:1,0,1
NGQTGFPST:7:1,0,1
NSNYFRDCR:7:1,0,1
NVRFGSAGR:7:1,0,1
SYRLFHRLR:7:1,0,1
NLYLVGVFR:7:1,0,1
NDYGPWTET:7:1,0,1
NCHGGLAAR:7:1,0,1
YTMVIRGIR:7:1,0,1
NLDNLQSVR:7:1,0,1
NLKWYLNSR:7:1,0,1
NALASYALR:7:1,0,1
NFFSFFCLR:7:1,0,1
NVYVVIDDR:7:1,0,1
YWIIFQRVR:7:1,0,1
NKFLNGVDR:7:1,0,1
NDVMWITCR:7:1,0,1
NREWIYDGS:7:1,0,1
NVSLQGELR:7:1,0,1
NGAIKHLMR:7:1,0,1
NWNIFQRVR:7:1,0,1
YNFLNGVYR:7:1,0,1
NSITGAHPR:7:1,0,1
NCYWFQEVR:7:1,0,1
NGRLVGEGR:7:1,0,1
NMNSCIGKR:7:1,0,1
NLGSLHSVR:7:1,0,1
NCQVSHDSG:7:1,0,1
NKLMDGENR:7:1,0,1
NTDLGLASR:7:1,0,1
NLLDDQVWR:7:1,0,1
NCLLQVPNR:7:1,0,1
NTFGVSGGR:7:1,0,1
NCNLLSGDR:7:1,0,1
NWKYHYFFR:7:1,0,1
NGTATNNCR:7:1,0,1
NCIVIQVLR:7:1,0,1
NVIDIKNRR:7:1,0,1
NSLLLCYLS:7:1,0,1
NYQVLIGTR:7:1,0,1
NGRTYFLVR:7:1,0,1
NRHWAWPDR:7:1,0,1
YTCNHTAVR:7:1,0,1
NRLAQGAGG:7:1,0,1
NIPCFQESR:7:1,0,1
NRVGDWALR:7:1,0,1
NFPRSILSR:7:1,0,1
NSLVGLVLR:7:1,0,1
NDNYVLTTR:7:1,0,1
NWYKFWPLR:7:1,0,1
NYWEDHWLR:7:1,0,1
NNLRFTVRR:7:1,0,1
NEECALTIR:7:1,0,1
NVIDIDNGS:7:1,0,1
SRHCLGPCR:7:1,0,1
NWYRIRPLR:7:1,0,1
NSVSMFWCS:7:1,0,1
IPFCDGWCR:7:1,0,1
NWRHHYIFR:7:1,0,1
NSNLERANR:7:1,0,1
NLVGPGYAR:7:1,0,1
NYGSMKTDR:7:1,0,1
FLCFLCGFR:7:1,0,1
NDLIIWIAS:7:1,0,1
NDRFRSAGR:7:1,0,1
NGAVYRESR:7:1,0,1
NYRGKHGSR:7:1,0,1
NDRTIFLVR:7:1,0,1
NCCNFTTVR:7:1,0,1
NVTAWFGYR:7:1,0,1
NGYEFDSTR:7:1,0,1
NNGAVVVVG:7:1,0,1
NFTQRTVWR:7:1,0,1
NFARWILCG:7:1,0,1
NESKMQYAG:7:1,0,1
IRCLWCKLR:7:1,0,1
NQRALIGAR:7:1,0,1
NSFGHLKFR:7:1,0,1
NKIRVRVSR:7:1,0,1
NFTFWHKMR:7:1,0,1
NTSMALNRR:7:1,0,1
NSLIGAHWR:7:1,0,1
NICSFLKVR:7:1,0,1
NEVACGRLR:7:1,0,1
NAICMSRVR:7:1,0,1
SFLYWWINR:7:1,0,1
NYMDLIYKR:7:1,0,1
NKCMLRQCR:7:1,0,1
NFWKGLACR:7:1,0,1
NLFSVNMVK:7:1,0,1
NTAGSETMR:7:1,0,1
NYWYHKKHR:7:1,0,1
NTLLLSTHR:7:1,0,1
NTKVERSER:7:1,0,1
NPMRSYTLK:7:1,0,1
NSIHHWMGR:7:1,0,1
NEAYLYQGR:7:1,0,1
NTCQIRGVR:7:1,0,1
NSLFFCYMR:7:1,0,1
NFDYVLHRR:7:1,0,1
NSMLLHYLR:7:1,0,1
NWGMGQANR:7:1,0,1
NPFMQYLVR:7:1,0,1
SFVYPDSFR:7:1,0,1
NSIFTRRYR:7:1,0,1
NFKSQSNCR:7:1,0,1
NYRDLIFKR:7:1,0,1
NSFVCGQVG:7:1,0,1
NKCVVNGTR:7:1,0,1
NVYVPWIER:7:0,1,1
NGVKVRAAR:7:0,1,1
NLVLYFGIR:7:0,1,1
NFCNIFIIR:7:0,1,1
NTALMLRFR:7:0,1,1
NWVLRTSMR:7:0,1,1
NESYHMVSR:7:0,1,1
NFWMYYPRR:7:0,1,1
NYRYLIYKR:7:0,1,1
NGYCMYYDR:7:0,1,1
NWVIFQWVR:7:0,1,1
NDNCVLTSR:7:0,1,1
NNLCVMVGR:7:0,1,1
NTCQFRGVI:7:0,1,1
NLSPGFLWR:7:0,1,1
NWFSCPGGR:7:0,1,1
NLINLKWER:7:0,1,1
NTDLSLGSR:7:0,1,1
NKVILKTLR:7:0,1,1
NVLYSFICR:7:0,1,1
NRVSYWSLR:7:0,1,1
NQSETWFGR:7:0,1,1
NYWEVHRLR:7:0,1,1
NLEIRINDG:7:0,1,1
NAMIYNSYR:7:0,1,1
NPHDFTWVR:7:0,1,1
NSFGHLKLR:7:0,1,1
NDLIFWIAR:7:0,1,1
NFVTYPLNR:7:0,1,1
NLKVFIDFR:7:0,1,1
NCRHFDLDR:7:0,1,1
NIPNSFSSR:7:0,1,1
DPFSDGWCR:7:0,1,1
NVMLCKTSR:7:0,1,1
NGPKGFPDR:7:0,1,1
NRDWFYIAR:7:0,1,1
NVTAWFCFR:7:0,1,1
NKLARFANR:7:0,1,1
NSSWFAPTR:7:0,1,1
NRNKFVLFS:7:0,1,1
NVIMKISGR:7:0,1,1
NAMRSHTLR:7:0,1,1
NATTYKSNR:7:0,1,1
NMNLLCGRR:7:0,1,1
NCFFDFLTR:7:0,1,1
NKLCLDYVR:7:0,1,1
NSLWSLCFR:7:0,1,1
NFDRDVDRR:7:0,1,1
NILVCLVPR:7:0,1,1
NDSTQQEMR:7:0,1,1
NLVFIWWVR:7:0,1,1
KFIVWYMKR:7:0,1,1
NGEGRSRTR:7:0,1,1
NPPRSLCFR:7:0,1,1
NAGSGSEVR:7:0,1,1
NQTHYSRCR:7:0,1,1
NGFEFRVDR:7:0,1,1
NILHKRVQR:7:0,1,1
NWVFWISRR:7:0,1,1
NCKLFDLDK:7:0,1,1
NSLFVKFRR:7:0,1,1
NTQYAGLSR:7:0,1,1
NVSYYSGAR:7:0,1,1
NCSLWPNSR:7:0,1,1
NVRFRSSGR:7:0,1,1
NSAMWVIPT:7:0,1,1
NRKVSIDSR:7:0,1,1
NNKVFIDSR:7:0,1,1
NEFFTLFQR:7:0,1,1
NITFWHRLR:7:0,1,1
NVLPCGLFR:7:0,1,1
NDSATIVGR:7:0,1,1
NFTFFTLIR:7:0,1,1
KISLLFIHR:7:0,1,1
NVYWPWIER:7:0,1,1
NLSRGFLSR:7:0,1,1
NSYIFISYR:7:0,1,1
NRKRGMGLR:7:0,1,1
NMGWELRRR:7:0,1,1
NSKSRVSSR:7:0,1,1
NRDKDAWVR:7:0,1,1
NEAYLYQDR:7:0,1,1
NDLFCYILR:7:0,1,1
NLDNLHSVG:7:0,1,1
NKLMDSDNR:7:0,1,1
NSRNYTTVR:7:0,1,1
NGWSYCIQR:7:0,1,1
KISMQGELR:7:0,1,1
NGLIIWIAR:7:0,1,1
NRRDFIESR:7:0,1,1
NRIKWRFGR:7:0,1,1
NEAVLTCFR:7:0,1,1
NYWYHKRLR:7:0,1,1
NCVSEPKGS:7:0,1,1
NQICCYVFR:7:0,1,1
NDLWCRRLR:7:0,1,1
NFYYKSDGR:7:0,1,1
NMLFSISFR:7:0,1,1
NSVVLGLCR:7:0,1,1
YGSSACTSR:7:0,1,1
NLDDNVFVR:7:0,1,1
NWVKVRAVR:7:0,1,1
NWEFLVDSR:7:0,1,1
NWIIFQMVR:7:0,1,1
NCNCLWNCR:7:0,1,1
NGTATGSCR:7:0,1,1
NFYVVIVDR:7:0,1,1
NVTPNQTDR:7:0,1,1
DSGLSTFYR:7:0,1,1
NRTSTDNVR:7:0,1,1
NFTLWHRLR:7:0,1,1
NILVCLVLI:7:0,1,1
NYRGKNGNR:7:0,1,1
NGSSAYTSR:7:0,1,1
NVTPNQTYG:7:0,1,1
NSSGHSKFR:7:0,1,1
NMAASRTVR:7:0,1,1
NNFLNGANR:7:0,1,1
NITRWILCR:7:0,1,1
NYYFFYGSR:7:0,1,1
NSCHRTKWR:7:0,1,1
NESSCTRTR:7:0,1,1
NATYYNLVR:7:0,1,1
NFARWILCK:7:0,1,1
NELCLLETR:7:0,1,1
NNMCTIHYR:7:0,1,1
NSSTTPSKR:7:0,1,1
NVASNALSG:7:0,1,1
NYWNHKKLR:7:0,1,1
NIPFDGTTR:7:0,1,1
NPKASIALR:7:0,1,1
SDLIIWIAR:7:0,1,1
NCIVYQILR:7:0,1,1
NSCFGCLCR:7:0,1,1
NTMYLQQCR:7:0,1,1
NKFLNGVNR:7:0,1,1
NRLYIEGIR:7:0,1,1
NITAWFDFR:7:0,1,1
NWGMGHVNR:7:0,1,1
NISYLNGAR:7:0,1,1
NGRIWNVER:7:0,1,1
NSHCFSCKR:7:0,1,1
NCKLFDLYR:7:0,1,1
NNIFVLKSR:7:0,1,1
NTMYRQKCR:7:0,1,1
NVARCREVR:7:0,1,1
NSSHRSRWR:7:0,1,1
NDLIIWIPR:7:0,1,1
NSMFLCYLR:7:0,1,1
NLFLYINLR:7:0,1,1
NSVVFGLCR:7:0,1,1
NYFPDRRTR:7:0,1,1
NPFSDWWCR:7:0,1,1
NCYCDLLTK:7:0,1,1
NDIMWITCG:7:0,1,1
NISCCWEIR:7:0,1,1
NWVLRTSRG:7:0,1,1
NVYVAIVDR:7:0,1,1
NKLCIEGIR:7:0,1,1
NLYSIKLNR:7:0,1,1
NWIIFLRVR:7:0,1,1
NATCTVRFR:7:0,1,1
NSDNLHSVR:7:0,1,1
NGNYVLTSR:7:0,1,1
NFLLQVPYR:7:0,1,1
NQVCCYIFR:7:0,1,1
NIAFDGTTK:7:0,1,1
NGAVLTCVR:7:0,1,1
NSSYRFVRR:7:0,1,1
NGNQICRRR:7:0,1,1
NSPSNHKIR:7:0,1,1
NCFIFLSVR:7:0,1,1
NILVSLVLR:7:0,1,1
NGSFTLYQR:7:0,1,1
NNHVYPNCR:7:0,1,1
NASTTPSKR:7:0,1,1
NVIGIDNGR:7:0,1,1
NRCFGCVCR:7:0,1,1
NWLYSSNHR:7:0,1,1
NILHMSVYR:7:0,1,1
NVFSVMIHR:7:0,1,1
NSFLNGVNR:7:0,1,1
NTVVWVTDR:7:0,1,1
NAIMKIAGR:7:0,1,1
NFDYVVHKR:7:0,1,1
NSYRFQEVR:7:0,1,1
NAFPLPWVR:7:0,1,1
NFYSVKTLR:7:0,1,1
NINCWEVGR:7:0,1,1
NFMTYPLNR:7:0,1,1
NCVSETKGR:7:0,1,1
NCVVRSILR:7:0,1,1
NYELGSVGR:7:0,1,1
NSWMYDPRR:7:0,1,1
NSARWILCR:7:0,1,1
NLDDLHSVR:7:0,1,1
NGLQSNVNR:7:0,1,1
NVRFIFLVR:7:0,1,1
NCITLHYAR:7:0,1,1
NPRDFTWAR:7:0,1,1
NGTATIDSR:7:0,1,1
NSIIVMRIR:7:0,1,1
NWYKLRPLR:7:0,1,1
NSSCYRSKR:7:0,1,1
NFANSILSR:7:0,1,1
NKTMVDNTR:7:0,1,1
NASIYNSYR:7:0,1,1
NRLFFCYMR:7:0,1,1
NTSMTLNGR:7:0,1,1
NTIGLGAGR:7:0,1,1
NSTILMHVR:7:0,1,1
NLSSGFLWR:7:0,1,1
NFDYVLHNR:7:0,1,1
NFPSNHWIR:7:0,1,1
NTDLSLSSR:7:0,1,1
NLIGPCYSR:7:0,1,1
NHMATASGR:7:0,1,1
NNAFFVLGR:7:0,1,1
NNDILKAYR:7:0,1,1
NFRGLDSVR:7:0,1,1
NATYYNHFR:7:0,1,1
NYDNRSHQR:7:0,1,1
NDTSTMKNR:7:0,1,1
NPRDFTLVR:7:0,1,1
NATIYSSYR:7:0,1,1
NVSLVGNAR:7:0,1,1
NYLYYLRSR:7:0,1,1
NGKQRILYR:7:0,1,1
NFLNAFAYR:7:0,1,1
NSVVVGMCR:7:0,1,1
NFYCLEFHR:7:0,1,1
NICILRHHR:7:0,1,1
NFCIFFCKR:7:0,1,1
NGSLLHDQR:7:0,1,1
NPFCMSRLR:7:0,1,1
NNACFMLGR:7:0,1,1
NPISDGWCR:7:0,1,1
NGAATYNCR:7:0,1,1
NWISTQCSR:7:0,1,1
NVSTLYVLR:7:0,1,1
NMDTSRTIR:7:0,1,1
NLLRCVYIR:7:0,1,1
NFSFFDFIR:7:0,1,1
NFLIFFNIR:7:0,1,1
KLYTNELDR:7:0,1,1
NNSVLLLRR:7:0,1,1
NYALYFLSR:7:0,1,1
NPFSDGWCG:7:0,1,1
NFKSQFNCR:7:0,1,1
NVIICDLVR:7:0,1,1
NWRHHYFFR:7:0,1,1
NNACFVLAR:7:0,1,1
NSLKIQVSR:7:0,1,1
SGSSACTSR:7:0,1,1
NKLYVEGIR:7:0,1,1
NSTYLHDQR:7:0,1,1
NYALYFRWR:7:0,1,1
NFFILDSFR:7:0,1,1
NYRGKLGNR:7:0,1,1
NGIDIDNGR:7:0,1,1
NELCLWESR:7:0,1,1
NVTAWIAFR:7:0,1,1
NWVQWRNLR:7:0,1,1
NGTATYYCR:7:0,1,1
NLYTTGLDR:7:0,1,1
NIKGLIELI:7:0,1,1
NACVSSSTR:7:0,1,1
NVFPLPRVR:7:0,1,1
NELIIWIAR:7:0,1,1
KIGRWTVGR:7:0,1,1
NIMRFFTFR:7:0,1,1
NILNAARAR:7:0,1,1
NATYYNYVR:7:0,1,1
NTGVRNVYR:7:0,1,1
KGPKGLPDR:7:0,1,1
KMATSRTIR:7:0,1,1
NIMRYSTYR:7:0,1,1
SLVNICAGR:7:0,1,1
NLFIVDSCR:7:0,1,1
NISCFQVSR:7:0,1,1
NINYHLVSR:7:0,1,1
NREVFIDSR:7:0,1,1
NMAVVFAVR:7:0,1,1
NCFEMCILR:7:0,1,1
NRCFGCLFR:7:0,1,1
NIVVVCAVR:7:0,1,1
NSVVVGLFR:7:0,1,1
NWKHHYFIR:7:0,1,1
NCLLQVPYG:7:0,1,1
NDIIWITCR:7:0,1,1
NAILCKTIR:7:0,1,1
NNMCAIQSR:7:0,1,1
NNNVYSNCR:7:0,1,1
NGPKGLRDR:7:0,1,1
NRCFGCPCR:7:0,1,1
NFDYVLHKK:7:0,1,1
KYWYHKKLR:7:0,1,1
NSCNYTTAR:7:0,1,1
NSFDAFGYR:7:0,1,1
KVLYTFICR:7:0,1,1
NGTVYRESG:7:0,1,1
NKLMYINNR:7:0,1,1
NVFDFRVDR:7:0,1,1
NSFLNDVSR:7:0,1,1
NDSYLSDAR:7:0,1,1
NHCFFYGCR:7:0,1,1
NGLKGLPDR:7:0,1,1
NIKGLIELS:7:0,1,1
NGPNRFSDR:7:0,1,1
NEPLTVYQR:7:0,1,1
NNFSCLHNR:7:0,1,1
NLSSPFWLR:7:0,1,1
NMAVVCEVR:7:0,1,1
NIWRWTVGR:7:0,1,1
NVIDVDNGR:7:0,1,1
NSLNIQGSR:7:0,1,1
NNLYIEGIR:7:0,1,1
NLVGRGYVR:7:0,1,1
NESFALYQR:7:0,1,1
DFTFWHRLR:7:0,1,1
NSLFSHDCR:7:0,1,1
NFIECLHYR:7:0,1,1
NCVVFQILR:7:0,1,1
NGSWTWSNR:7:0,1,1
NYVVPSIFR:7:0,1,1
NETLGNQIR:7:0,1,1
NYDKRSYQR:7:0,1,1
NWYRFRPLR:7:0,1,1
NWTGVSPRR:7:0,1,1
NTLLIGLLS:7:0,1,1
NIAGTEAMR:7:0,1,1
NFWMYDSGR:7:0,1,1
NRLSLVPCR:7:0,1,1
KVTAWFGFR:7:0,1,1
NAKTRLPYR:7:0,1,1
KARVGNMGR:7:0,1,1
NYFCKISIR:7:0,1,1
NYELGRIGR:7:0,1,1
NVTANQTYR:7:0,1,1
NVFMAEAIR:7:0,1,1
NRYRFQEVR:7:0,1,1
NNFSCFHYR:7:0,1,1
NVSVWDLVR:7:0,1,1
NIVLLFATR:7:0,1,1
NRMLLCYLR:7:0,1,1
NATIYISYR:7:0,1,1
NHMRSYTLR:7:0,1,1
NFLFHFIHR:7:0,1,1
NCYCDLLIR:7:0,1,1
NYVSIFTYR:7:0,1,1
NVRFHSAGR:7:0,1,1
NNCTFLCKR:7:0,1,1
NYWDRKKHR:7:0,1,1
KVYGPWIER:7:0,1,1
NYSGKHGNR:7:0,1,1
NLSSLFWLI:7:0,1,1
NNLIIWIAR:7:0,1,1
NRRSRYYRR:7:0,1,1
NDTATIDIR:7:0,1,1
NVFHLVYWR:7:0,1,1
NFQVLFGKR:7:0,1,1
NSCNFTTVR:7:0,1,1
NGFWTWSNR:7:0,1,1
NFSPGLVDR:7:0,1,1
DILNAAGAR:7:0,1,1
NSELSLASR:7:0,1,1
NNLNFTVRR:7:0,1,1
NLSPLFWLR:7:0,1,1
NPMSSYTLR:7:0,1,1
NMFCKSLTR:7:0,1,1
NIMSYLTYR:7:0,1,1
DPRDFTWVR:7:0,1,1
NSSVAFGYR:7:0,1,1
NCLEMSILR:7:0,1,1
NSLVVIVYR:7:0,1,1
NKIRVRINI:7:0,1,1
NELHFMFVR:7:0,1,1
NTFWSLFTR:7:0,1,1
NYELGGIGR:7:0,1,1
NCYAWRLWR:7:0,1,1
NSSGHFKFR:7:0,1,1
NRRLWCRFR:7:0,1,1
NNSYSFVRR:7:0,1,1
NWVLRSSRR:7:0,1,1
NSSSITSVR:7:0,1,1
NFWKGVAYR:7:0,1,1
NNFSCLLFR:7:0,1,1
NLITTLRRR:7:0,1,1
NYFPGRYTR:7:0,1,1
NPSCMSRFR:7:0,1,1
NVSPNQTYR:7:0,1,1
NCIVFLILR:7:0,1,1
NLLSSYTLR:7:0,1,1
NYELGSIRR:7:0,1,1
NAVSRSEVR:7:0,1,1
NFTQRTTWR:7:0,1,1
NSSGNLKFR:7:0,1,1
IAGSRSEVR:7:0,1,1
NRKVFTDSR:7:0,1,1
NSSGHLKLR:7:0,1,1
NLHSCIPWR:7:0,1,1
NRFCFIDSR:7:0,1,1
NCYLEWIIR:7:0,1,1
NILFVFVNR:7:0,1,1
NFLREEYGR:7:0,1,1
NFFLFFRFR:7:0,1,1
NTICKTLIR:7:0,1,1
NRTSTDYVR:7:0,1,1
NALFCCILR:7:0,1,1
NQNFGSYDR:7:0,1,1
NRNRVVSFR:7:0,1,1
NYLYYFSSR:7:0,1,1
NNYFFMLFR:7:0,1,1
NGAFNHFLR:7:0,1,1
NFFWSPFIR:7:0,1,1
NYRILAVRR:7:0,1,1
NCYNAVGFI:7:0,1,1
NFWMYDPPR:7:0,1,1
NYDKRSHQK:7:0,1,1
NSCRLLLLR:7:0,1,1
NISCWEVGR:7:0,1,1
NPRDSTRVR:7:0,1,1
NISYPYMSR:7:0,1,1
NDSFITPIR:7:0,1,1
NLVVRIGDR:7:0,1,1
NENWTVAIR:7:0,1,1
NFFNYTLIR:7:0,1,1
NLYNLCQFR:7:0,1,1
NSFVAFGHR:7:0,1,1
NNNVLLLHR:7:0,1,1
NIPSWAWLR:7:0,1,1
NCIEYQILR:7:0,1,1
NESFTPYRR:7:0,1,1
NIGSWMKER:7:0,1,1
NLFRGFLWR:7:0,1,1
NFGYVLHKR:7:0,1,1
NLLDDHVGR:7:0,1,1
NEAYLHQER:7:0,1,1
NTHGSNLKR:7:0,1,1
NVSVCDLVR:7:0,1,1
NKLSFCYTR:7:0,1,1
NDNYVHTSR:7:0,1,1
NTRVAGAER:7:0,1,1
NVIYDYNWR:7:0,1,1
NSSFIASIR:7:0,1,1
SGLHYYHSR:7:0,1,1
NYVCMYHLR:7:0,1,1
NLLDDHAWR:7:0,1,1
NNVCFGLVR:7:0,1,1
NTTCKTLVR:7:0,1,1
NSFSDRWSR:7:0,1,1
NNFSNGVNR:7:0,1,1
NDFSVESDG:7:0,1,1
KTLYAGLSR:7:0,1,1
KFTQRTIWR:7:0,1,1
DVIVERELR:7:0,1,1
NLSFCSDRR:7:0,1,1
NTQDFGWAR:7:0,1,1
NYFPGRCTI:7:0,1,1
NLAGPGYVR:7:0,1,1
NSIFARKYR:7:0,1,1
NFAGWTLCR:7:0,1,1
NTQRSYLMR:7:0,1,1
NWTGVSTER:7:0,1,1
NLYNTSLWR:7:0,1,1
NIIQWYQLR:7:0,1,1
NTMRSYTLR:7:0,1,1
NSIFTGKYR:7:0,1,1
NVAAWFGFR:7:0,1,1
NELCLWDTR:7:0,1,1
NVVYYRLMR:7:0,1,1
NCKVIIDSR:7:0,1,1
NHCFFYGPR:7:0,1,1
NSYISISYR:7:0,1,1
NVIGPWIDR:7:0,1,1
NESFTFYQR:7:0,1,1
YKCMLRQRR:7:0,1,1
NMSTSRTIR:7:0,1,1
NSIIVMGVR:7:0,1,1
NASSYPRLR:7:0,1,1
NFRVLFGTR:7:0,1,1
NLILYIGPR:7:0,1,1
NRIRFPGTR:7:0,1,1
NIVGPGYVR:7:0,1,1
NDLQSNVNI:7:0,1,1
NNSNRFVRR:7:0,1,1
NVSTCDLVR:7:0,1,1
NGPKVLPDR:7:0,1,1
NARRWLRYR:7:0,1,1
NLISTLRMR:7:0,1,1
NIMYVSKIR:7:0,1,1
NYWDVHWLR:7:0,1,1
NWVLRTIRR:7:0,1,1
NAGSRSEVG:7:0,1,1
NMRCELRRR:7:0,1,1
SFKSQLNCR:7:0,1,1
HACVSSRTR:7:0,1,1
NVFMGETIR:7:0,1,1
NNMCAIHSG:7:0,1,1
NISCCWDIG:7:0,1,1
NSYTLISYR:7:0,1,1
NVRFRFAGR:7:0,1,1
NESFTLYQG:7:0,1,1
NDRMARDNR:7:0,1,1
NNRFITTIR:7:0,1,1
NWTGVNPER:7:0,1,1
KATIYNSYR:7:0,1,1
KLSRGFLWR:7:0,1,1
NAFSDGWCR:7:0,1,1
NTFDCGQAR:7:0,1,1
NTTTRLPYR:7:0,1,1
NLDREVNRR:7:0,1,1
NCDTYLGRR:7:0,1,1
NWHLLCLVR:7:0,1,1
NFWMYDPHR:7:0,1,1
NSFPFPAIR:7:0,1,1
NRRDFTWVR:7:0,1,1
DYALYFRSR:7:0,1,1
NNISCLHYR:7:0,1,1
NELYFMIVR:7:0,1,1
NHLMGGICR:7:0,1,1
NENYHMVRR:7:0,1,1
NATICNSYR:7:0,1,1
NSSNGFVIR:7:0,1,1
NFGFCGWGR:7:0,1,1
NSLFVKIQR:7:0,1,1
NTCQFRGVS:7:0,1,1
KCNCLWDCR:7:0,1,1
KSKSRVSCR:7:0,1,1
NLDNLHSVI:7:0,1,1
NGVVCGRLR:7:0,1,1
NTRVRKVYR:7:0,1,1
NYRLFLRIR:7:0,1,1
NCVFLVDSR:7:0,1,1
NLFYLVYWR:7:0,1,1
NIAFVGSTR:7:0,1,1
KILVCLVLR:7:0,1,1
NRRQVLISR:7:0,1,1
NFDYVLYKR:7:0,1,1
NATIFNSNR:7:0,1,1
NVAVVCAVR:7:0,1,1
NFLSNYMIR:7:0,1,1
NFGFCGWSR:7:0,1,1
NSSYPYISR:7:0,1,1
NSISCLHYR:7:0,1,1
NYLSYLSFR:7:0,1,1
NFKSQLNYR:7:0,1,1
NFQVLFCTR:7:0,1,1
NNIYVLISR:7:0,1,1
NRAKDAWLR:7:0,1,1
NCVSEPKVR:7:0,1,1
NYVVRSILT:7:0,1,1
NYWNHRKLR:7:0,1,1
NRMKCRFTR:7:0,1,1
NRVSYLFLR:7:0,1,1
NLEIRIIDR:7:0,1,1
NNSYFMLFR:7:0,1,1
NTSTTPSKI:7:0,1,1
NDFSVDSDR:7:0,1,1
NGYCTYCDR:7:0,1,1
SPRDFTWVR:7:0,1,1
NFDCGLHKR:7:0,1,1
NWNHHYFFR:7:0,1,1
NFLFSHDCR:7:0,1,1
NDRCYRGSR:7:0,1,1
NMPNASTCR:7:0,1,1
NRCFGFLCR:7:0,1,1
NVIDFDNGR:7:0,1,1
NHRSRYHRR:7:0,1,1
IMGCRGPLR:7:0,1,1
NEPVLSRSR:7:0,1,1
SGTATYNCR:7:0,1,1
NDLIIWVAR:7:0,1,1
NTMVGGSER:7:0,1,1
NKCMLRQGR:7:0,1,1
NKIFFCYMR:7:0,1,1
NDRMSWYNR:7:0,1,1
NRCLFYGSR:7:0,1,1
NRVKWLFGR:7:0,1,1
NWTGVSQER:7:0,1,1
NVTARFGFR:7:0,1,1
NACVFSRTR:7:0,1,1
NLFSLNMVR:7:0,1,1
KGTATYNCR:7:0,1,1
NSYILISCR:7:0,1,1
NSSEYRHPR:7:0,1,1
NSDTFLDPR:7:0,1,1
NATCTVSFI:7:0,1,1
NFYDKSDRR:7:0,1,1
NNFSCLHFR:7:0,1,1
NIFIVDASR:7:0,1,1
NELRLWETR:7:0,1,1
NGYLDLSDI:7:0,1,1
KIAFDGTTR:7:0,1,1
NWISTLRLR:7:0,1,1
NEAYLYKER:7:0,1,1
NFIFPVNFK:7:0,1,1
NSGLSAFYR:7:0,1,1
NPVGPGYVR:7:0,1,1
NLRCRWFLR:7:0,1,1
NPAICTEFR:7:0,1,1
NSVTGALPR:7:0,1,1
NVCTIFLVR:7:0,1,1
NSLPFSAIR:7:0,1,1
NSKSQSTRR:7:0,1,1
NLLDDNVWR:7:0,1,1
NEAYLNQER:7:0,1,1
NVYNLWQFR:7:0,1,1
NVLLVGLAR:7:0,1,1
NSETYLGRR:7:0,1,1
NWVSRTSRR:7:0,1,1
NRTWFRGKR:7:0,1,1
NALFCYTLR:7:0,1,1
NAYGPWTER:7:0,1,1
NRRQVLMTR:7:0,1,1
KLSSHFWLR:7:0,1,1
NMLTVILVR:7:0,1,1
NMLDGLELR:7:0,1,1
NNFSFLHYR:7:0,1,1
NEAVLSCVR:7:0,1,1
NGRLYPQFR:7:0,1,1
NRMRGVGLR:7:0,1,1
NRWACDPRR:7:0,1,1
NLIATLRMR:7:0,1,1
NSLRSLCFR:7:0,1,1
NCCLELIIR:7:0,1,1
NYRILGARR:7:0,1,1
NSRDFTWVR:7:0,1,1
NIGRWTVGI:7:0,1,1
NSVVVGLSR:7:0,1,1
NWVLRTSSR:7:0,1,1
NIYGPWIER:7:0,1,1
DCNCLWDCR:7:0,1,1
YGCYCRRGR:7:0,1,1
NSDTILDRR:7:0,1,1
NMAVACAVR:7:0,1,1
NGCLGFPCR:7:0,1,1
NLITTLRIR:7:0,1,1
NRVKWQFGR:7:0,1,1
NFADRFCRR:7:0,1,1
NLLYSNYYR:7:0,1,1
NITVWFGFR:7:0,1,1
KYDKRSHQR:7:0,1,1
NNSTTPSKR:7:0,1,1
NLYTYELNR:7:0,1,1
DSLCARRKR:7:0,1,1
NFMTYTLYR:7:0,1,1
NCYRFQEVG:7:0,1,1
NADLSLASR:7:0,1,1
NDDYVLTSR:7:0,1,1
NFYDKSDWR:7:0,1,1
NRKDFIDSR:7:0,1,1
NMAAVCAVR:7:0,1,1
NCKVFIDSR:7:0,1,1
NPSVDHLSR:7:0,1,1
KSKSQLNCR:7:0,1,1
NYTARGSKR:7:0,1,1
NFVSEPKGR:7:0,1,1
NIAFNGTIR:7:0,1,1
NVRVGNMGR:7:0,1,1
NISCCWYIR:7:0,1,1
NNVYVLKSR:7:0,1,1
NFSVSHIWR:7:0,1,1
NSMRSYTLR:7:0,1,1
NLILYISSR:7:0,1,1
KESSCTSTR:7:0,1,1
NIIIPVKFR:7:0,1,1
NSGSSTFYR:7:0,1,1
NVLVCLVLR:7:0,1,1
KVLWSWFMR:7:0,1,1
NACVSSRKR:7:0,1,1
NFMYVSRIR:7:0,1,1
NTYRSYLMR:7:0,1,1
NSVIVMRVR:7:0,1,1
NRLWTWSNR:7:0,1,1
NILIVILVR:7:0,1,1
NSGLSTIYR:7:0,1,1
NESYLYQER:7:0,1,1
NREALTGSG:7:0,1,1
NTMKRGTVR:7:0,1,1
NNNGWIRYR:7:0,1,1
NWYKFRPLM:7:0,1,1
NSYNTSWWR:7:0,1,1
NCYRFKEVR:7:0,1,1
NRVKWRLGR:7:0,1,1
NATTRLPYI:7:0,1,1
NCLFPPDCR:7:0,1,1
NKCILRQRR:7:0,1,1
NMLIVIIVR:7:0,1,1
NSCNYATVR:7:0,1,1
NTFCMSRFR:7:0,1,1
NIQHKRGQR:7:0,1,1
NNVVYCYFR:7:0,1,1
NEAYLDQER:7:0,1,1
NVSICDLAR:7:0,1,1
NEERTLTIR:7:0,1,1
NYTHYSRCR:7:0,1,1
NSRRYLKRR:7:0,1,1
SCLFSHDCR:7:0,1,1
NLVILPSNR:7:0,1,1
KMPNSSTCR:7:0,1,1
NVIMKIEGR:7:0,1,1
NWNHRWGHR:7:0,1,1
NCFLLPNSR:7:0,1,1
NIAFDCTTR:7:0,1,1
NQVGDLHDR:7:0,1,1
NFQVLFGSR:7:0,1,1
NCKLFDLDG:7:0,1,1
KTHRSYLMR:7:0,1,1
NISCCWDII:7:0,1,1
NTLYEGLSR:7:0,1,1
NVRSQDVLR:7:0,1,1
DCSLLTRHR:7:0,1,1
KFGFCGWRR:7:0,1,1
NNLLIGLLR:7:0,1,1
NNACFVLGI:7:0,1,1
NQVGDLRDR:7:0,1,1
NNMCTINSR:7:0,1,1
NVWLVGHAR:7:0,1,1
NGCQLLLLR:7:0,1,1
NFQVLIGTR:7:0,1,1
NCYKIPLLR:7:0,1,1
NDTPTIDSR:7:0,1,1
NMHSCVPKR:7:0,1,1
NATTRLRDR:7:0,1,1
NSCNYKTVR:7:0,1,1
NSYWHRLLR:7:0,1,1
NLINIKRER:7:0,1,1
NMWLYWWRR:7:0,1,1
NNFSCFQCR:7:0,1,1
NAGIRSEVR:7:0,1,1
NHINFRGAR:7:0,1,1
KSFLLGGAR:7:0,1,1
NHFTPLFAR:7:0,1,1
NIRFRFAGR:7:0,1,1
NMAASRTIR:7:0,1,1
NWFSSQCSR:7:0,1,1
NMVVWVRDR:7:0,1,1
NVLYTFIFR:7:0,1,1
NLDNLDSVR:7:0,1,1
NATTRLPCR:7:0,1,1
NLYEHNVDR:7:0,1,1
NCNCLWDYR:7:0,1,1
NSCRHTWVR:7:0,1,1
NVYGAWTER:7:0,1,1
NCLLQVPFR:7:0,1,1
KTFVCGQAR:7:0,1,1
KDLQSNVNR:7:0,1,1
NFFIVDICR:7:0,1,1
NSQPGLVDR:7:0,1,1
NFYDKGDGR:7:0,1,1
NSFILVSYR:7:0,1,1
NTRVRNFYR:7:0,1,1
NVSNFDDVR:7:0,1,1
NIGRWTVWR:7:0,1,1
NYHGKLGNR:7:0,1,1
NMDWFYNAR:7:0,1,1
NDLIISIAR:7:0,1,1
NTMYAGLSR:7:0,1,1
NCVLRTSRR:7:0,1,1
NVMYGCDSR:7:0,1,1
NATARLPYR:7:0,1,1
NEVVCGRSR:7:0,1,1
NSDTDLGRR:7:0,1,1
NGPKGLPHR:7:0,1,1
NLITTHRMR:7:0,1,1
NFARCILCR:7:0,1,1
NNIWKTLIR:7:0,1,1
SWVLRTSRR:7:0,1,1
NNMWATDFR:7:0,1,1
NDTATIDSI:7:0,1,1
NLEIRTNDR:7:0,1,1
NCFNFLIIR:7:0,1,1
NPFCMSRIR:7:0,1,1
NSVVVGLCT:7:0,1,1
NRPRVTTQR:7:0,1,1
NVIMRIAGR:7:0,1,1
NDSTLYLLR:7:0,1,1
NSLYVGLSR:7:0,1,1
KTLLIGLLR:7:0,1,1
NNTCFVLGR:7:0,1,1
NFGISVYRI:7:0,1,1
NLIGPGNSR:7:0,1,1
NLDIRINDR:7:0,1,1
KDLSLTCSR:7:0,1,1
NGTVYRKSR:7:0,1,1
NGSSACTSG:7:0,1,1
NPSSDGWCR:7:0,1,1
NTSMTMNRR:7:0,1,1
NSWVCVNPR:7:0,1,1
NCLEICILR:7:0,1,1
NATYYNHIR:7:0,1,1
NPRDFSWVR:7:0,1,1
NCVYFFSPR:7:0,1,1
NTMYRQQFR:7:0,1,1
KTCQFRGVR:7:0,1,1
NGMHGWESR:7:0,1,1
NSAVWVNPR:7:0,1,1
NSFWTWSNR:7:0,1,1
NGVKVPAVR:7:0,1,1
NMWFYWRRR:7:0,1,1
NGYEFGRTR:7:0,1,1
NVSKTQYAR:7:0,1,1
NINFLHVDR:7:0,1,1
STTCKTLAR:7:0,1,1
NFNFFLIFR:7:0,1,1
KLYNTSWWR:7:0,1,1
NDLIVWIAR:7:0,1,1
NKTVVNNTR:7:0,1,1
NRAKDSWVR:7:0,1,1
NVAHCRDVR:7:0,1,1
NIVNLCGNR:7:0,1,1
NSFQWLAAR:7:0,1,1
NYELGSIWR:7:0,1,1
NRDWFYKAR:7:0,1,1
NVWLYWRRR:7:0,1,1
NHFNSLFAR:7:0,1,1
NPRDSTWVR:7:0,1,1
KSLCARRKR:7:0,1,1
NREWISDAR:7:0,1,1
NCISEPKGR:7:0,1,1
NVRTIFLIR:7:0,1,1
NTRFGILYR:7:0,1,1
NGTSTDHVR:7:0,1,1
NTGLSLASR:7:0,1,1
NYLIIWIAR:7:0,1,1
NSFILISYR:7:0,1,1
NKFFFCYIR:7:0,1,1
NFNCLWDCR:7:0,1,1
NCFYMLIYR:7:0,1,1
NCVSEQKGR:7:0,1,1
NSGMGHANR:7:0,1,1
NKTVVYNTR:7:0,1,1
NNHVYPYYR:7:0,1,1
NRTSNDHVR:7:0,1,1
NYLYYLSSK:7:0,1,1
NHFTSLFPR:7:0,1,1
NMGCEFRRR:7:0,1,1
NASSYPGLR:7:0,1,1
KTFWSRFTR:7:0,1,1
NENYHIVSK:7:0,1,1
NCLLHVPYR:7:0,1,1
NVTAWSGFR:7:0,1,1
NDTATIESR:7:0,1,1
NSNCIMNLR:7:0,1,1
NGLLYFLSR:7:0,1,1
NFKFQWNRR:7:0,1,1
KCVSEPKGR:7:0,1,1
NTMAIRGIR:7:0,1,1
NIRILNPDR:7:0,1,1
NFQVLFGMR:7:0,1,1
NLMTYPLYR:7:0,1,1
NCLLEVPYR:7:0,1,1
NCLLKVPYR:7:0,1,1
NNSFIASIR:7:0,1,1
NVYAVIVDR:7:0,1,1
NKLFFCCMR:7:0,1,1
NFGRWILCR:7:0,1,1
NNPCFVLGR:7:0,1,1
NSRPQNKVR:7:0,1,1
NCSLLTGHR:7:0,1,1
KPRDFTWVR:7:0,1,1
NKMNVEGIR:7:0,1,1
NFARWILFR:7:0,1,1
NRRVFIDSR:7:0,1,1
NHMVTESGR:7:0,1,1
NCKLFDLGR:7:0,1,1
KVIMKIAGR:7:0,1,1
NGLYFMFVR:7:0,1,1
KSSGHLKFR:7:0,1,1
NNRFITSIR:7:0,1,1
NSPPVLVDR:7:0,1,1
NFGFCGWMR:7:0,1,1
NINLVGVFR:7:0,1,1
NKTVVDDTR:7:0,1,1
NNDKRSHQR:7:0,1,1
NSIIVLIKR:7:0,1,1
NFDHVLHKR:7:0,1,1
NILHKRRQR:7:0,1,1
NIVALCDCR:7:0,1,1
NFFKCLLLR:7:0,1,1
NTCQFRGFR:7:0,1,1
NDLINWIAR:7:0,1,1
NCNLFDLDR:7:0,1,1
NPFSSYFER:7:0,1,1
NTACKTLAR:7:0,1,1
NTNCKTLAR:7:0,1,1
NFMTYPLCR:7:0,1,1
NYWYYKKLR:7:0,1,1
NCVYILSPR:7:0,1,1
NSEDQGQGR:7:0,1,1
NATVYNSYR:7:0,1,1
NNFSCLDYR:7:0,1,1
NYWVFIFNR:7:0,1,1
NYRNIIYKR:7:0,1,1
NGYEFVSTR:7:0,1,1
NVWNGAYSR:7:0,1,1
NSVRWVNPR:7:0,1,1
NSIILHPDR:7:0,1,1
NDLVIWNAR:7:0,1,1
NSFSDEWCR:7:0,1,1
NVRTIFLAR:7:0,1,1
DDLWCKRLR:7:0,1,1
NIGRWTVRR:7:0,1,1
NMGCKLRRR:7:0,1,1
NSIFRKKYR:7:0,1,1
NVRICDLVR:7:0,1,1
NCYWFYKVR:7:0,1,1
NQSTQGRGR:7:0,1,1
NSTFLHGQR:7:0,1,1
NMLTFLLRK:7:0,1,1
NATSRLPYR:7:0,1,1
NFQVLFGTS:7:0,1,1
NATIYNWYR:7:0,1,1
NTLTTPSKR:7:0,1,1
NVYGPWVVR:7:0,1,1
NRRSLYHRR:7:0,1,1
SFFIVDSCR:7:0,1,1
NVTPNQTYI:7:0,1,1
NKECTLTIR:7:0,1,1
NWMSRMSVR:7:0,1,1
NVSMQGELS:7:0,1,1
NYLYYISSR:7:0,1,1
KEAYLYQER:7:0,1,1
SHFTSLFAR:7:0,1,1
NEFSVETDR:7:0,1,1
NSLKTQGSR:7:0,1,1
NVIDIDNGI:7:0,1,1
NSTSTDHVR:7:0,1,1
SYWYHKKLR:7:0,1,1
NEAYLYQKR:7:0,1,1
NTYIQVSWR:7:0,1,1
NCLEMCILI:7:0,1,1
NILYYSTHR:7:0,1,1
NSYVFGSIR:7:0,1,1
NRLSLWPCR:7:0,1,1
NLITTLRMI:7:0,1,1
NRNSTDHVR:7:0,1,1
NNLCTIHSR:7:0,1,1
NNCFSFPFR:7:0,1,1
NVPHTREVR:7:0,1,1
KVSMQGELR:7:0,1,1
NVLIDSDDR:7:0,1,1
NHKVFIDSR:7:0,1,1
NCITLHCAG:7:0,1,1
NCVSEPKGG:7:0,1,1
NTFVFGQAR:7:0,1,1
NYGSNHKIR:7:0,1,1
NNGGLFGVR:7:0,1,1
NGVKVRPVR:7:0,1,1
NWYTNELDR:7:0,1,1
NLILYISPS:7:0,1,1
NMPNSSKCR:7:0,1,1
NQLGSVTYR:7:0,1,1
NNWEDHWLR:7:0,1,1
NSFCARRKR:7:0,1,1
NFWMYDPLR:7:0,1,1
NYVVSSILR:7:0,1,1
NMVFSYTIR:7:0,1,1
NPLRYLCFR:7:0,1,1
NRLSLGPSR:7:0,1,1
NKIYTVSDR:7:0,1,1
DSFCQCLFR:7:0,1,1
NSCQLLFLR:7:0,1,1
NGTATYSCR:7:0,1,1
NIVSLYGNR:7:0,1,1
NWNRFRPLR:7:0,1,1
NDRCYWGAR:7:0,1,1
NVVHCREVR:7:0,1,1
NYYKRSHQR:7:0,1,1
NCIVFRILR:7:0,1,1
NYDSMYTDG:7:0,1,1
NCFGKISIR:7:0,1,1
KNSFITSIR:7:0,1,1
NVAHCRELR:7:0,1,1
NYSDLIYKR:7:0,1,1
NLVNLRRER:7:0,1,1
NMAVVCAVI:7:0,1,1
NVFPLPWVI:7:0,1,1
NLINPDLFR:7:0,1,1
NCVSEPKDR:7:0,1,1
NWMSLMAIR:7:0,1,1
NFVSVKTPR:7:0,1,1
NTHRSYLMK:7:0,1,1
NFLPGLVDR:7:0,1,1
NKLMVNSNR:7:0,1,1
NSFCQCHFR:7:0,1,1
DYRILGVRR:7:0,1,1
NWTHYSRCR:7:0,1,1
NGYRGGFSR:7:0,1,1
NTSKIWHAR:7:0,1,1
NMAIFALSR:7:0,1,1
NYCYHKKLR:7:0,1,1
NYRGEHGNR:7:0,1,1
NTFDCGLLR:7:0,1,1
NATHYNHVR:7:0,1,1
NYSVPETQR:7:0,1,1
NPMRSYNLR:7:0,1,1
NKLMDINNR:7:0,1,1
NSFHHWMVR:7:0,1,1
NWVLRKSRR:7:0,1,1
NMFWTWSNR:7:0,1,1
NCVCLGCIR:7:0,1,1
NNMCTIHSI:7:0,1,1
KYRGKHGNR:7:0,1,1
NYWEVNWLR:7:0,1,1
NDCYGLLMR:7:0,1,1
NDFSFESDR:7:0,1,1
NFLSNLKIR:7:0,1,1
DGAFKHLMR:7:0,1,1
NRFWTWSNS:7:0,1,1
NRLLLSVDR:7:0,1,1
NLIGSGYVR:7:0,1,1
NCMLSHDCR:7:0,1,1
NTSCCWDIR:7:0,1,1
NLLGDHVCR:7:0,1,1
NFMYVSKIK:7:0,1,1
NNIYVLRSR:7:0,1,1
NDCAIYGGR:7:0,1,1
NNHVYPICR:7:0,1,1
NASISLPFR:7:0,1,1
NTSTTTSKR:7:0,1,1
NDVVRRTLR:7:0,1,1
NENYNMVSR:7:0,1,1
NGTDYRGSR:7:0,1,1
NSYYYSMIR:7:0,1,1
NWMSRIAIR:7:0,1,1
NLVWPGYVR:7:0,1,1
KSLKIQGSR:7:0,1,1
NSGFSTFYR:7:0,1,1
KFRSQLNCR:7:0,1,1
NCIVFQLLR:7:0,1,1
NVFPLPLVR:7:0,1,1
NLARWILCR:7:0,1,1
NRVSYWFLG:7:0,1,1
NLVTRPSNR:7:0,1,1
NDRFYRGAR:7:0,1,1
NDFSVESYR:7:0,1,1
NTHRSNLVR:7:0,1,1
NLVGLCDCR:7:0,1,1
KVRFRSAGR:7:0,1,1
NFGICGWRR:7:0,1,1
NFVYFLSPR:7:0,1,1
NRSATFNSR:7:0,1,1
NLLRSLCFR:7:0,1,1
NMDREVDRR:7:0,1,1
NHTVCLMGR:7:0,1,1
SILHKRGQR:7:0,1,1
NHRSRYHSR:7:0,1,1
NSTPGLVDR:7:0,1,1
NYLIFRPSR:7:0,1,1
NKLFFCYIR:7:0,1,1
NFASWILCR:7:0,1,1
NIAGSEAMR:7:0,1,1
NILNSPLAR:7:0,1,1
NLSMQGELR:7:0,1,1
NMNCWEVCR:7:0,1,1
NVYGPWIKR:7:0,1,1
NSMVVGLCR:7:0,1,1
NSLPGLVDR:7:0,1,1
NLSICDLVR:7:0,1,1
NKLMVSNNR:7:0,1,1
NLYEHDLDR:7:0,1,1
DIMRYLTYR:7:0,1,1
KYELGSIGR:7:0,1,1
NCSLLTRNR:7:0,1,1
NSCLVYPRR:7:0,1,1
NALFFYILR:7:0,1,1
NVFDFSIVR:7:0,1,1
NNACFVLCR:7:0,1,1
NLNNLWQFR:7:0,1,1
NSYGRRLLR:7:0,1,1
NRLMDSSNR:7:0,1,1
NDSMWITCR:7:0,1,1
NIMRYLTNR:7:0,1,1
NDFDGLLMR:7:0,1,1
NGRFWNVVR:7:0,1,1
NSFNYTTVR:7:0,1,1
NYFGRISIR:7:0,1,1
NFGFCGWRI:7:0,1,1
NWGVEGGGR:7:0,1,1
NKCMLRERR:7:0,1,1
NSGSEPKGR:7:0,1,1
NSPNLIMGR:7:0,1,1
NNVSQWKRR:7:0,1,1
NSFLLGGER:7:0,1,1
NFDTNLGRR:7:0,1,1
NVSLFGHAR:7:0,1,1
NNRFRFVRR:7:0,1,1
NHWVGLVGR:7:0,1,1
NSLKIQWSR:7:0,1,1
NGQMDFPRR:7:0,1,1
NTMVIRGVR:7:0,1,1
NWYKFRPMR:7:0,1,1
NINCLDVDR:7:0,1,1
NLSFFIHLR:7:0,1,1
NRVSYRFLR:7:0,1,1
NIGFTGEHG:7:0,1,1
NRSSLRDWR:7:0,1,1
NDRMAWYNI:7:0,1,1
KSIIVMRVR:7:0,1,1
NSIILHPKR:7:0,1,1
NVYGCMDSR:7:0,1,1
NPRDFTWFR:7:0,1,1
NYIARGLKR:7:0,1,1
NWFSTQCSK:7:0,1,1
NYFLGRSTR:7:0,1,1
NSGLSNFYR:7:0,1,1
NFLRYLTYR:7:0,1,1
NIYVVIVDR:7:0,1,1
NIAVWVRKR:7:0,1,1
NWKVNRAKR:7:0,1,1
NWVLRTSTR:7:0,1,1
NVTAWFGIR:7:0,1,1
NKLVLLKLR:7:0,1,1
NYFGKIRIR:7:0,1,1
NGTVTYNCR:7:0,1,1
NQLRSLCFR:7:0,1,1
NDNYVLTYR:7:0,1,1
NTSTLGQTR:7:0,1,1
KILHKRGQR:7:0,1,1
NATTFNLFR:7:0,1,1
NMSVVCAVR:7:0,1,1
NVIMKIGGR:7:0,1,1
NDRVAWYNR:7:0,1,1
NFYFSMIIR:7:0,1,1
NKLYIEGVR:7:0,1,1
NFCMYDPRR:7:0,1,1
NALVCMLIR:7:0,1,1
NEERGWSIR:7:0,1,1
NKDLSLASR:7:0,1,1
NIMRCLTYR:7:0,1,1
NTHRSYLII:7:0,1,1
NTTCNTLAI:7:0,1,1
NSLKVQGSR:7:0,1,1
NSTLLLKSR:7:0,1,1
NCKLFHLDR:7:0,1,1
NRFRTWSNR:7:0,1,1
NIWVGWADR:7:0,1,1
NYLFVKFQR:7:0,1,1
NKILVRINR:7:0,1,1
NNSFINSIR:7:0,1,1
NLEKDDTVR:7:0,1,1
NQLEKVTIR:7:0,1,1
NYFSCPGGR:7:0,1,1
NNMCTIQSR:7:0,1,1
NCKVGGNER:7:0,1,1
NLPNSSWSR:7:0,1,1
NMLMDSNNR:7:0,1,1
NYKSQLNCR:7:0,1,1
NVAHCRKVR:7:0,1,1
NLKVNRAKR:7:0,1,1
NYTFWHRLR:7:0,1,1
NDIMWITSR:7:0,1,1
NNCLSYKFR:7:0,1,1
NCLFWHDYR:7:0,1,1
NISYRFVRR:7:0,1,1
NTYCDLLTR:7:0,1,1
NCCRFQEVR:7:0,1,1
NVSMENAGR:7:0,1,1
NVVALCDCR:7:0,1,1
NDIDIDNGR:7:0,1,1
NSYCDLLTR:7:0,1,1
NESFTLCQR:7:0,1,1
NRLLQVPYR:7:0,1,1
KWMSRMAIR:7:0,1,1
NETATIDSR:7:0,1,1
NCKIFDLDR:7:0,1,1
NTLSLGPCR:7:0,1,1
NYALYIRSR:7:0,1,1
NRTGVSPER:7:0,1,1
NYIFPVSFR:7:0,1,1
NKGLSVRGR:7:0,1,1
NVSICYLVR:7:0,1,1
NSFWSRATR:7:0,1,1
NMAVVCALR:7:0,1,1
NLRAVHILR:7:0,1,1
NTAMWVIPR:7:0,1,1
NSSTTASRR:7:0,1,1
NFNSQLNCR:7:0,1,1
NVAYLYQER:7:0,1,1
NKTHYSRCR:7:0,1,1
NYWEVHWLG:7:0,1,1
NSFSANMER:7:0,1,1
NMWLYWRLR:7:0,1,1
NLMRSYTLR:7:0,1,1
NLTHYSRCR:7:0,1,1
SKCMLRQRR:7:0,1,1
NVRGGHEQR:7:0,1,1
NHMVTTSGR:7:0,1,1
NYYCLDFHR:7:0,1,1
NARAGNMGR:7:0,1,1
NVVDIDNGR:7:0,1,1
NFPYNHKIR:7:0,1,1
NYWYHKNLR:7:0,1,1
NWKRHYFFR:7:0,1,1
NRKVVIDTR:7:0,1,1
NETAWFGFR:7:0,1,1
NKCMLRQHR:7:0,1,1
SSIFTKKYR:7:0,1,1
NWLCARRKR:7:0,1,1
NLYANELDR:7:0,1,1
NGHMAAAIR:7:0,1,1
NGTGYRESR:7:0,1,1
NSSLLLGIR:7:0,1,1
NTTCKTLSR:7:0,1,1
NSLLIGLLR:7:0,1,1
NFLYYLSSR:7:0,1,1
DVSMQGELR:7:0,1,1
DHFTSLFAR:7:0,1,1
NLQVLFGTR:7:0,1,1
NVASNAPSR:7:0,1,1
NCFFSHDCR:7:0,1,1
NHEMGLYMR:7:0,1,1
NALFCNVLR:7:0,1,1
NGTSTYNCR:7:0,1,1
NFIFHVNFR:7:0,1,1
NNLVCLVLR:7:0,1,1
NDTTSIDSR:7:0,1,1
NESFKLYQR:7:0,1,1
KATTRLPYR:7:0,1,1
NGGRLGGAR:7:0,1,1
NVFYSVYWR:7:0,1,1
NYGFCGWRR:7:0,1,1
NVSICGLVR:7:0,1,1
NPMRSKTLR:7:0,1,1
NGASGPGGR:7:0,1,1
NSSGHLNFR:7:0,1,1
NRKVFIGSR:7:0,1,1
NAFFYYYIR:7:0,1,1
NLYNLHSVR:7:0,1,1
NFYGPWIER:7:0,1,1
NDLQSDVDR:7:0,1,1
NMVSYWFLR:7:0,1,1
NSLRFTVRR:7:0,1,1
KNHVYPYCR:7:0,1,1
NSPPGIVDR:7:0,1,1
NYDYVLHKR:7:0,1,1
NNSLLFIHR:7:0,1,1
NTDLSLDSR:7:0,1,1
NSYVLISYR:7:0,1,1
NARVGSMGR:7:0,1,1
NFSSLFWLR:7:0,1,1
NNLNAAGAR:7:0,1,1
NNLHKRGQR:7:0,1,1
KDFSVESDR:7:0,1,1
NMWCELRRR:7:0,1,1
NNFSCSHYR:7:0,1,1
NYFPGRRTR:7:0,1,1
NRSKDAWVR:7:0,1,1
NVYGPWIEI:7:0,1,1
NRYILISYR:7:0,1,1
NTLGVSGGR:7:0,1,1
NRVGYWFLR:7:0,1,1
NRTFLHDQR:7:0,1,1
NLSLGFQIR:7:0,1,1
NDIKSTFFI:7:0,1,1
NIWMYDPRR:7:0,1,1
NSIFLHPDR:7:0,1,1
NLICMLYHR:7:0,1,1
NAHLLFLFR:7:0,1,1
NATSGLPYR:7:0,1,1
NVTAWLGIR:7:0,1,1
NVSCCWDIR:7:0,1,1
NCWNILGCR:7:0,1,1
NILHKGGQR:7:0,1,1
NNFLCLHYR:7:0,1,1
NYRGKHENR:7:0,1,1
NELCLWETI:7:0,1,1
NKAVLSCVR:7:0,1,1
NSPPGLVGR:7:0,1,1
NLDDRIFDR:7:0,1,1
NIDCLHVDR:7:0,1,1
NFMTYPLHR:7:0,1,1
NSFLMCKCR:7:0,1,1
NGTTRLPYR:7:0,1,1
NLYNQWQFG:7:0,1,1
NLRYVSEIR:7:0,1,1
NVIDIDNAR:7:0,1,1
DLYTNELDR:7:0,1,1
NVEHCREVR:7:0,1,1
NLVTLCDCR:7:0,1,1
NKWWYWRRR:7:0,1,1
NRCMLRQRR:7:0,1,1
NNLSWAWLR:7:0,1,1
NSLCARHKR:7:0,1,1
NSFVCGQAR:7:0,1,1
KPMRSYTLR:7:0,1,1
NPMRSLCFR:7:0,1,1
NPFSSYLEI:7:0,1,1
NFAKWILCR:7:0,1,1
NYFPGRCSR:7:0,1,1
NLDDNVLDI:7:0,1,1
NYSTQGRGR:7:0,1,1
NVADGREVR:7:0,1,1
NVIMKIARR:7:0,1,1
NTTCKTLAI:7:0,1,1
NRFAVRSMR:7:0,1,1
NWKHHCFIR:7:0,1,1
NLNCLVNNR:7:0,1,1
NLEISINDR:7:0,1,1
NTHRSNLMR:7:0,1,1
NLRAIHFLR:7:0,1,1
NGGSQPQFR:7:0,1,1
NYRGKHVNR:7:0,1,1
NGRFWNVKR:7:0,1,1
NFYTNELDR:7:0,1,1
NIAHCREVR:7:0,1,1
NDFSVEPDR:7:0,1,1
NGYEFCSTR:7:0,1,1
SMATSRTIR:7:0,1,1
NRKVFIYSR:7:0,1,1
NNWLGFPYR:7:0,1,1
NIPGSETMR:7:0,1,1
NFARWIFCR:7:0,1,1
NKNYHMVSR:7:0,1,1
NSYDQGRGR:7:0,1,1
NSFLIWKCR:7:0,1,1
NCCNAVGFR:7:0,1,1
NPMRSYTFR:7:0,1,1
NYKLHYFFR:7:0,1,1
NGEGRSRMG:7:0,1,1
NIMRYLAYR:7:0,1,1
NLSSCSGER:7:0,1,1
NTFVCGQDR:7:0,1,1
NSSGGRVCR:7:0,1,1
NSGLITFYR:7:0,1,1
NIARWILCR:7:0,1,1
NRSVGGIFR:7:0,1,1
NDNYVLNSR:7:0,1,1
NHCLFYGSR:7:0,1,1
NAMYGWDSR:7:0,1,1
NVSLVGQAR:7:0,1,1
NATYYDHVR:7:0,1,1
NDIMWVTCR:7:0,1,1
NSDTYFGRR:7:0,1,1
NLDDNVFDR:7:0,1,1
NSCQLLLLT:7:0,1,1
NISLLFILR:7:0,1,1
NPFSVGWCR:7:0,1,1
NTCQFRGDR:7:0,1,1
NNMCTIHSS:7:0,1,1
NINCLYVDR:7:0,1,1
NSITGALAR:7:0,1,1
NVAVRGGKR:7:0,1,1
NCWCHRKLR:7:0,1,1
NLYELRMDR:7:0,1,1
KQVGDLRER:7:0,1,1
NVIMRVARR:7:0,1,1
NISTTPSKR:7:0,1,1
NFLDDHVWR:7:0,1,1
NSLKIRGSR:7:0,1,1
NGGRHRGVR:7:0,1,1
SNSYRFVRR:7:0,1,1
NYCDKGDGR:7:0,1,1
NGYLEGFSR:7:0,1,1
NTSSTPSKR:7:0,1,1
NIIQRYLLK:7:0,1,1
NFAGSETMR:7:0,1,1
NATVYNSNR:7:0,1,1
NQICCYTIR:7:0,1,1
NPSMQYWVR:7:0,1,1
NVIPLPWVR:7:0,1,1
NEDCTLTIR:7:0,1,1
NTMAIWGIR:7:0,1,1
NEAYLYQEG:7:0,1,1
NCHLLCLDR:7:0,1,1
NWMSRMAVR:7:0,1,1
NELWCRRLR:7:0,1,1
NLSSLIWLR:7:0,1,1
NDRVMNSVR:7:0,1,1
NFSTLYLLR:7:0,1,1
NSLSARRKR:7:0,1,1
NNSYRFDRR:7:0,1,1
NFERWILCR:7:0,1,1
KCSLLTRHR:7:0,1,1
NLVLNYGIR:7:0,1,1
NTRVRNVNR:7:0,1,1
NPSMQYQVR:7:0,1,1
NALFCYVLR:7:0,1,1
NSCYVYSRR:7:0,1,1
NAGSRSKVR:7:0,1,1
NHFTSHFAR:7:0,1,1
NCLFSNDCR:7:0,1,1
NVAGSRTMR:7:0,1,1
NCVVRSTLR:7:0,1,1
KDRCYRGAR:7:0,1,1
NLYTNEFDR:7:0,1,1
NSRQYLNRR:7:0,1,1
NSAMWVVPR:7:0,1,1
NSVMWVIPR:7:0,1,1
NGTATYNYR:7:0,1,1
NFWIFVDPR:7:0,1,1
NFQDLIGTR:7:0,1,1
NFCMWWLCR:7:0,1,1
KNSYRFVRR:7:0,1,1
NDTSTIDSR:7:0,1,1
NVIMKIAWR:7:0,1,1
NLYTDELDR:7:0,1,1
NRKVFIDSG:7:0,1,1
NFVFWHRLR:7:0,1,1
NESAWFGFR:7:0,1,1
NENYHMVGR:7:0,1,1
NNHVHPYCR:7:0,1,1
NNFLNGVYR:7:0,1,1
NETYLYQER:7:0,1,1
NLYTNELGR:7:0,1,1
NIVDCLSRR:7:0,1,1
DIFHIGAYR:7:0,1,1
NIGRWKVGR:7:0,1,1
NGCSACSSR:7:0,1,1
NLILYISTR:7:0,1,1
KVSICDLVR:7:0,1,1
NLSCCRDRR:7:0,1,1
NSSSYPSLR:7:0,1,1
NCYRFQEVI:7:0,1,1
NFFDKSDGR:7:0,1,1
NVSIYILVR:7:0,1,1
NKTVVDNTK:7:0,1,1
NVVSNADSR:7:0,1,1
NCYRFQKVR:7:0,1,1
NLITTLRMK:7:0,1,1
NGKAEGVGR:7:0,1,1
NFWMYDRRR:7:0,1,1
NLIGRGQTR:7:0,1,1
NTMVIQGIR:7:0,1,1
NLSCCSDRG:7:0,1,1
NNIYELRSR:7:0,1,1
NNMRYLTYR:7:0,1,1
NEGHCREER:7:0,1,1
NILNAAWAR:7:0,1,1
NLVLTWYSR:7:0,1,1
NFYDKIDGR:7:0,1,1
NLVNICAVR:7:0,1,1
NNEMTSFSR:7:0,1,1
NHRFYYGPR:7:0,1,1
NSSGGGVRR:7:0,1,1
NVTAWSSFR:7:0,1,1
NVPTLCVLR:7:0,1,1
NGQFWNVER:7:0,1,1
NTSTAPSKR:7:0,1,1
NWDDLDRVR:7:0,1,1
NRNVFIDSR:7:0,1,1
NVSMQGDLR:7:0,1,1
NIFHVGAYR:7:0,1,1
NDLFWNVNR:7:0,1,1
NLFSVDMVR:7:0,1,1
NLNHWVVRR:7:0,1,1
NPMGSYTLR:7:0,1,1
NYRILGDRR:7:0,1,1
NVCDRMNSR:7:0,1,1
NMVVWVTGR:7:0,1,1
NAGSSSEVR:7:0,1,1
NDRCYWEAR:7:0,1,1
NLVNICAGG:7:0,1,1
SFLREECGR:7:0,1,1
NPMRWYTLR:7:0,1,1
NWLCRSVYR:7:0,1,1
NYRDLIYKI:7:0,1,1
SHCFFYGSR:7:0,1,1
NTCQFCGVR:7:0,1,1
NNSFITSVR:7:0,1,1
NATNYNSFR:7:0,1,1
SIMRYLTYR:7:0,1,1
KWYKFRPLR:7:0,1,1
NTKVGGSER:7:0,1,1
NWVSYWFLR:7:0,1,1
NRKWGVGLR:7:0,1,1
NFDYILHKR:7:0,1,1
NKCMLRKRR:7:0,1,1
NFTFWNRLR:7:0,1,1
NKLFFCYMK:7:0,1,1
NRKVFIELR:7:0,1,1
NFYYVLRFR:7:0,1,1
NSPPGLVYR:7:0,1,1
DMNCWEVGR:7:0,1,1
NATYYNHVG:7:0,1,1
NKESVWELR:7:0,1,1
NAMTRLPYR:7:0,1,1
NASIYSSYR:7:0,1,1
NEIMWITCR:7:0,1,1
NVFTVLLDR:7:0,1,1
NNSYRFFRR:7:0,1,1
NCLEMCTLR:7:0,1,1
NPFCMSHFR:7:0,1,1
NYRIMGVRR:7:0,1,1
NSTILHDQR:7:0,1,1
NIIKRYLLR:7:0,1,1
NPRDQVSGR:7:0,1,1
NDLNIWIAR:7:0,1,1
NFRSQLNSR:7:0,1,1
NNSFITSIS:7:0,1,1
NVAVWETDR:7:0,1,1
NYWYHKKLS:7:0,1,1
NESSCTGTR:7:0,1,1
NIDFTGEHR:7:0,1,1
KSTFLHDQR:7:0,1,1
NPRDFTCVR:7:0,1,1
NMVKWRFGR:7:0,1,1
NALVCMPFR:7:0,1,1
NYELWSIGR:7:0,1,1
NSPPGLVDI:7:0,1,1
NEAVLTCVI:7:0,1,1
NSAVVGLCR:7:0,1,1
NLAHCREVR:7:0,1,1
NSGLSTICR:7:0,1,1
NSFQSLAAR:7:0,1,1
NFYGKSDGR:7:0,1,1
NERCIPSKR:7:0,1,1
NVITKIAGR:7:0,1,1
NSLFVKLQR:7:0,1,1
NAKIYNSYR:7:0,1,1
NWVFRTSRR:7:0,1,1
NLVNIRAGR:7:0,1,1
NELWCKRLR:7:0,1,1
NYDRRSHQR:7:0,1,1
NSAFLHDQR:7:0,1,1
NSEILTPYR:7:0,1,1
SVSKFDDVR:7:0,1,1
NSSSRLVRR:7:0,1,1
NATTGLPYR:7:0,1,1
NLRSRYHRR:7:0,1,1
NYGGLLGVR:7:0,1,1
NFLKGLAYR:7:0,1,1
NVRFRSADR:7:0,1,1
NCFNMLINI:7:0,1,1
DLDDNVLDR:7:0,1,1
NTYHFRGVR:7:0,1,1
NYRVLGVRR:7:0,1,1
NSDTYLGSR:7:0,1,1
NNACFVVGR:7:0,1,1
NGAVKHLMR:7:0,1,1
NFKGLVTGR:7:0,1,1
NTDRPNLTR:7:0,1,1
NGSKGLPDR:7:0,1,1
NLVGPGHVR:7:0,1,1
NEECTFTIR:7:0,1,1
NCDAFYVEG:7:0,1,1
NELCSWETR:7:0,1,1
NCLFSHDSR:7:0,1,1
NYALYFRSG:7:0,1,1
NIAGSGTMR:7:0,1,1
NFYYKATCR:7:0,1,1
NVSMELYAR:7:0,1,1
NDAYLYQER:7:0,1,1
-----
NPVERVNLLR:8:2,237,239
NPVERVDLLR:8:0,1,1
NPVERVNLPR:8:0,1,1
NPVERFNLLR:8:0,1,1
KPVERVNLLR:8:0,1,1
-----
